{"C:\\Users\\user\\OneDrive\\Desktop\\2022-2\\secondteam10\\frontend\\src\\App.tsx": {"path":"C:\\Users\\user\\OneDrive\\Desktop\\2022-2\\secondteam10\\frontend\\src\\App.tsx","statementMap":{"0":{"start":{"line":13,"column":1},"end":{"line":43,"column":2}}},"fnMap":{"0":{"name":"App","decl":{"start":{"line":12,"column":9},"end":{"line":12,"column":12}},"loc":{"start":{"line":12,"column":15},"end":{"line":44,"column":1}},"line":12}},"branchMap":{},"s":{"0":1},"f":{"0":1},"b":{},"_coverageSchema":"1a1c01bbd47fc00a2c39e90264f33305004495a9","hash":"b241c18ef02f7463f0000ada62017e6747a79dbd"}
,"C:\\Users\\user\\OneDrive\\Desktop\\2022-2\\secondteam10\\frontend\\src\\components\\Footer\\Footer.tsx": {"path":"C:\\Users\\user\\OneDrive\\Desktop\\2022-2\\secondteam10\\frontend\\src\\components\\Footer\\Footer.tsx","statementMap":{"0":{"start":{"line":13,"column":1},"end":{"line":86,"column":2}}},"fnMap":{"0":{"name":"Footer","decl":{"start":{"line":12,"column":24},"end":{"line":12,"column":30}},"loc":{"start":{"line":12,"column":33},"end":{"line":87,"column":1}},"line":12}},"branchMap":{},"s":{"0":2},"f":{"0":2},"b":{},"_coverageSchema":"1a1c01bbd47fc00a2c39e90264f33305004495a9","hash":"c3e43df5381e2080da648047da3a76483462ec6f"}
,"C:\\Users\\user\\OneDrive\\Desktop\\2022-2\\secondteam10\\frontend\\src\\components\\Header\\Header.tsx": {"path":"C:\\Users\\user\\OneDrive\\Desktop\\2022-2\\secondteam10\\frontend\\src\\components\\Header\\Header.tsx","statementMap":{"0":{"start":{"line":13,"column":18},"end":{"line":13,"column":31}},"1":{"start":{"line":14,"column":53},"end":{"line":14,"column":68}},"2":{"start":{"line":16,"column":1},"end":{"line":78,"column":2}},"3":{"start":{"line":27,"column":7},"end":{"line":27,"column":29}},"4":{"start":{"line":28,"column":7},"end":{"line":28,"column":20}},"5":{"start":{"line":36,"column":7},"end":{"line":36,"column":29}},"6":{"start":{"line":37,"column":7},"end":{"line":37,"column":20}},"7":{"start":{"line":45,"column":7},"end":{"line":45,"column":29}},"8":{"start":{"line":46,"column":7},"end":{"line":46,"column":26}},"9":{"start":{"line":56,"column":7},"end":{"line":56,"column":29}},"10":{"start":{"line":57,"column":7},"end":{"line":57,"column":23}},"11":{"start":{"line":65,"column":7},"end":{"line":65,"column":49}}},"fnMap":{"0":{"name":"Header","decl":{"start":{"line":12,"column":24},"end":{"line":12,"column":30}},"loc":{"start":{"line":12,"column":46},"end":{"line":79,"column":1}},"line":12},"1":{"name":"(anonymous_1)","decl":{"start":{"line":26,"column":15},"end":{"line":26,"column":16}},"loc":{"start":{"line":26,"column":26},"end":{"line":29,"column":7}},"line":26},"2":{"name":"(anonymous_2)","decl":{"start":{"line":35,"column":15},"end":{"line":35,"column":16}},"loc":{"start":{"line":35,"column":26},"end":{"line":38,"column":7}},"line":35},"3":{"name":"(anonymous_3)","decl":{"start":{"line":44,"column":15},"end":{"line":44,"column":16}},"loc":{"start":{"line":44,"column":26},"end":{"line":47,"column":7}},"line":44},"4":{"name":"(anonymous_4)","decl":{"start":{"line":55,"column":15},"end":{"line":55,"column":16}},"loc":{"start":{"line":55,"column":26},"end":{"line":58,"column":7}},"line":55},"5":{"name":"(anonymous_5)","decl":{"start":{"line":64,"column":15},"end":{"line":64,"column":16}},"loc":{"start":{"line":64,"column":21},"end":{"line":66,"column":7}},"line":64}},"branchMap":{},"s":{"0":6,"1":1,"2":1,"3":0,"4":0,"5":0,"6":0,"7":0,"8":0,"9":0,"10":0,"11":0},"f":{"0":6,"1":0,"2":0,"3":0,"4":0,"5":0},"b":{},"_coverageSchema":"1a1c01bbd47fc00a2c39e90264f33305004495a9","hash":"90f828b160dafcccab6594d933635ad189da0d29"}
,"C:\\Users\\user\\OneDrive\\Desktop\\2022-2\\secondteam10\\frontend\\src\\components\\Header\\Dropdown\\Dropdown.tsx": {"path":"C:\\Users\\user\\OneDrive\\Desktop\\2022-2\\secondteam10\\frontend\\src\\components\\Header\\Dropdown\\Dropdown.tsx","statementMap":{"0":{"start":{"line":17,"column":18},"end":{"line":17,"column":44}},"1":{"start":{"line":18,"column":18},"end":{"line":18,"column":31}},"2":{"start":{"line":19,"column":19},"end":{"line":19,"column":42}},"3":{"start":{"line":21,"column":1},"end":{"line":23,"column":7}},"4":{"start":{"line":22,"column":2},"end":{"line":22,"column":24}},"5":{"start":{"line":25,"column":23},"end":{"line":27,"column":2}},"6":{"start":{"line":26,"column":2},"end":{"line":26,"column":73}},"7":{"start":{"line":26,"column":54},"end":{"line":26,"column":72}},"8":{"start":{"line":29,"column":1},"end":{"line":89,"column":2}},"9":{"start":{"line":38,"column":9},"end":{"line":38,"column":31}},"10":{"start":{"line":39,"column":9},"end":{"line":39,"column":28}},"11":{"start":{"line":47,"column":9},"end":{"line":47,"column":31}},"12":{"start":{"line":48,"column":9},"end":{"line":48,"column":28}},"13":{"start":{"line":56,"column":9},"end":{"line":56,"column":31}},"14":{"start":{"line":57,"column":9},"end":{"line":57,"column":31}},"15":{"start":{"line":58,"column":9},"end":{"line":58,"column":24}},"16":{"start":{"line":69,"column":9},"end":{"line":69,"column":31}},"17":{"start":{"line":70,"column":9},"end":{"line":70,"column":27}},"18":{"start":{"line":78,"column":9},"end":{"line":78,"column":31}},"19":{"start":{"line":79,"column":9},"end":{"line":79,"column":28}}},"fnMap":{"0":{"name":"Dropdown","decl":{"start":{"line":16,"column":24},"end":{"line":16,"column":32}},"loc":{"start":{"line":16,"column":48},"end":{"line":90,"column":1}},"line":16},"1":{"name":"(anonymous_1)","decl":{"start":{"line":21,"column":11},"end":{"line":21,"column":12}},"loc":{"start":{"line":21,"column":17},"end":{"line":23,"column":2}},"line":21},"2":{"name":"(anonymous_2)","decl":{"start":{"line":25,"column":23},"end":{"line":25,"column":24}},"loc":{"start":{"line":25,"column":29},"end":{"line":27,"column":2}},"line":25},"3":{"name":"(anonymous_3)","decl":{"start":{"line":26,"column":42},"end":{"line":26,"column":43}},"loc":{"start":{"line":26,"column":54},"end":{"line":26,"column":72}},"line":26},"4":{"name":"(anonymous_4)","decl":{"start":{"line":37,"column":17},"end":{"line":37,"column":18}},"loc":{"start":{"line":37,"column":28},"end":{"line":40,"column":9}},"line":37},"5":{"name":"(anonymous_5)","decl":{"start":{"line":46,"column":17},"end":{"line":46,"column":18}},"loc":{"start":{"line":46,"column":28},"end":{"line":49,"column":9}},"line":46},"6":{"name":"(anonymous_6)","decl":{"start":{"line":55,"column":17},"end":{"line":55,"column":18}},"loc":{"start":{"line":55,"column":28},"end":{"line":59,"column":9}},"line":55},"7":{"name":"(anonymous_7)","decl":{"start":{"line":68,"column":17},"end":{"line":68,"column":18}},"loc":{"start":{"line":68,"column":28},"end":{"line":71,"column":9}},"line":68},"8":{"name":"(anonymous_8)","decl":{"start":{"line":77,"column":17},"end":{"line":77,"column":18}},"loc":{"start":{"line":77,"column":28},"end":{"line":80,"column":9}},"line":77}},"branchMap":{"0":{"loc":{"start":{"line":31,"column":4},"end":{"line":87,"column":4}},"type":"binary-expr","locations":[{"start":{"line":31,"column":4},"end":{"line":31,"column":20}},{"start":{"line":32,"column":4},"end":{"line":86,"column":10}}],"line":31},"1":{"loc":{"start":{"line":33,"column":6},"end":{"line":85,"column":6}},"type":"cond-expr","locations":[{"start":{"line":34,"column":6},"end":{"line":63,"column":12}},{"start":{"line":65,"column":6},"end":{"line":84,"column":12}}],"line":33}},"s":{"0":6,"1":1,"2":1,"3":1,"4":1,"5":1,"6":0,"7":0,"8":1,"9":0,"10":0,"11":0,"12":0,"13":0,"14":0,"15":0,"16":0,"17":0,"18":0,"19":0},"f":{"0":6,"1":1,"2":0,"3":0,"4":0,"5":0,"6":0,"7":0,"8":0},"b":{"0":[1,0],"1":[0,0]},"_coverageSchema":"1a1c01bbd47fc00a2c39e90264f33305004495a9","hash":"34f5b26dba43b5df86848f33578de8bf348b9bd5"}
,"C:\\Users\\user\\OneDrive\\Desktop\\2022-2\\secondteam10\\frontend\\src\\components\\Layout\\Layout.tsx": {"path":"C:\\Users\\user\\OneDrive\\Desktop\\2022-2\\secondteam10\\frontend\\src\\components\\Layout\\Layout.tsx","statementMap":{"0":{"start":{"line":15,"column":19},"end":{"line":15,"column":42}},"1":{"start":{"line":16,"column":1},"end":{"line":29,"column":2}}},"fnMap":{"0":{"name":"Layout","decl":{"start":{"line":14,"column":24},"end":{"line":14,"column":30}},"loc":{"start":{"line":14,"column":53},"end":{"line":30,"column":1}},"line":14}},"branchMap":{"0":{"loc":{"start":{"line":22,"column":9},"end":{"line":22,"column":69}},"type":"cond-expr","locations":[{"start":{"line":22,"column":41},"end":{"line":22,"column":65}},{"start":{"line":22,"column":68},"end":{"line":22,"column":69}}],"line":22}},"s":{"0":1,"1":1},"f":{"0":1},"b":{"0":[0,1]},"_coverageSchema":"1a1c01bbd47fc00a2c39e90264f33305004495a9","hash":"19528cff08fdc6ebfb441f3c8655534a550363ee"}
,"C:\\Users\\user\\OneDrive\\Desktop\\2022-2\\secondteam10\\frontend\\src\\components\\Layout\\ScrollToTop.tsx": {"path":"C:\\Users\\user\\OneDrive\\Desktop\\2022-2\\secondteam10\\frontend\\src\\components\\Layout\\ScrollToTop.tsx","statementMap":{"0":{"start":{"line":5,"column":25},"end":{"line":5,"column":38}},"1":{"start":{"line":7,"column":4},"end":{"line":9,"column":19}},"2":{"start":{"line":8,"column":8},"end":{"line":8,"column":30}},"3":{"start":{"line":11,"column":4},"end":{"line":11,"column":16}}},"fnMap":{"0":{"name":"ScrollToTop","decl":{"start":{"line":4,"column":24},"end":{"line":4,"column":35}},"loc":{"start":{"line":4,"column":38},"end":{"line":12,"column":1}},"line":4},"1":{"name":"(anonymous_1)","decl":{"start":{"line":7,"column":14},"end":{"line":7,"column":15}},"loc":{"start":{"line":7,"column":20},"end":{"line":9,"column":5}},"line":7}},"branchMap":{},"s":{"0":1,"1":1,"2":1,"3":1},"f":{"0":1,"1":1},"b":{},"_coverageSchema":"1a1c01bbd47fc00a2c39e90264f33305004495a9","hash":"1d6995597bbebc7a45664f6b0e22d040883a325b"}
,"C:\\Users\\user\\OneDrive\\Desktop\\2022-2\\secondteam10\\frontend\\src\\components\\Login\\Login.tsx": {"path":"C:\\Users\\user\\OneDrive\\Desktop\\2022-2\\secondteam10\\frontend\\src\\components\\Login\\Login.tsx","statementMap":{"0":{"start":{"line":20,"column":33},"end":{"line":20,"column":53}},"1":{"start":{"line":21,"column":33},"end":{"line":21,"column":53}},"2":{"start":{"line":23,"column":19},"end":{"line":23,"column":42}},"3":{"start":{"line":24,"column":18},"end":{"line":24,"column":44}},"4":{"start":{"line":25,"column":18},"end":{"line":25,"column":31}},"5":{"start":{"line":32,"column":1},"end":{"line":39,"column":7}},"6":{"start":{"line":34,"column":2},"end":{"line":38,"column":4}},"7":{"start":{"line":35,"column":29},"end":{"line":36,"column":14}},"8":{"start":{"line":37,"column":3},"end":{"line":37,"column":30}},"9":{"start":{"line":37,"column":17},"end":{"line":37,"column":30}},"10":{"start":{"line":46,"column":22},"end":{"line":79,"column":2}},"11":{"start":{"line":47,"column":34},"end":{"line":50,"column":3}},"12":{"start":{"line":52,"column":2},"end":{"line":63,"column":5}},"13":{"start":{"line":55,"column":4},"end":{"line":55,"column":17}},"14":{"start":{"line":59,"column":4},"end":{"line":59,"column":20}},"15":{"start":{"line":60,"column":4},"end":{"line":60,"column":33}},"16":{"start":{"line":61,"column":4},"end":{"line":61,"column":19}},"17":{"start":{"line":62,"column":4},"end":{"line":62,"column":19}},"18":{"start":{"line":80,"column":1},"end":{"line":123,"column":2}},"19":{"start":{"line":94,"column":8},"end":{"line":94,"column":39}},"20":{"start":{"line":103,"column":8},"end":{"line":103,"column":39}},"21":{"start":{"line":110,"column":7},"end":{"line":110,"column":25}},"22":{"start":{"line":112,"column":7},"end":{"line":112,"column":21}}},"fnMap":{"0":{"name":"LogIn","decl":{"start":{"line":19,"column":24},"end":{"line":19,"column":29}},"loc":{"start":{"line":19,"column":32},"end":{"line":124,"column":1}},"line":19},"1":{"name":"(anonymous_1)","decl":{"start":{"line":32,"column":11},"end":{"line":32,"column":12}},"loc":{"start":{"line":32,"column":17},"end":{"line":39,"column":2}},"line":32},"2":{"name":"(anonymous_2)","decl":{"start":{"line":34,"column":30},"end":{"line":34,"column":31}},"loc":{"start":{"line":34,"column":42},"end":{"line":38,"column":3}},"line":34},"3":{"name":"(anonymous_3)","decl":{"start":{"line":46,"column":22},"end":{"line":46,"column":23}},"loc":{"start":{"line":46,"column":34},"end":{"line":79,"column":2}},"line":46},"4":{"name":"(anonymous_4)","decl":{"start":{"line":54,"column":9},"end":{"line":54,"column":10}},"loc":{"start":{"line":54,"column":21},"end":{"line":57,"column":4}},"line":54},"5":{"name":"(anonymous_5)","decl":{"start":{"line":58,"column":10},"end":{"line":58,"column":11}},"loc":{"start":{"line":58,"column":19},"end":{"line":63,"column":4}},"line":58},"6":{"name":"(anonymous_6)","decl":{"start":{"line":93,"column":17},"end":{"line":93,"column":18}},"loc":{"start":{"line":94,"column":8},"end":{"line":94,"column":39}},"line":94},"7":{"name":"(anonymous_7)","decl":{"start":{"line":102,"column":17},"end":{"line":102,"column":18}},"loc":{"start":{"line":103,"column":8},"end":{"line":103,"column":39}},"line":103},"8":{"name":"(anonymous_8)","decl":{"start":{"line":109,"column":15},"end":{"line":109,"column":16}},"loc":{"start":{"line":109,"column":22},"end":{"line":113,"column":7}},"line":109}},"branchMap":{"0":{"loc":{"start":{"line":37,"column":3},"end":{"line":37,"column":30}},"type":"if","locations":[{"start":{"line":37,"column":3},"end":{"line":37,"column":30}},{"start":{},"end":{}}],"line":37}},"s":{"0":0,"1":0,"2":0,"3":0,"4":0,"5":0,"6":0,"7":0,"8":0,"9":0,"10":0,"11":0,"12":0,"13":0,"14":0,"15":0,"16":0,"17":0,"18":0,"19":0,"20":0,"21":0,"22":0},"f":{"0":0,"1":0,"2":0,"3":0,"4":0,"5":0,"6":0,"7":0,"8":0},"b":{"0":[0,0]},"_coverageSchema":"1a1c01bbd47fc00a2c39e90264f33305004495a9","hash":"8dee096ab7015958042512397ddf4d73763848f4"}
,"C:\\Users\\user\\OneDrive\\Desktop\\2022-2\\secondteam10\\frontend\\src\\components\\PostComponents\\Post\\Post.tsx": {"path":"C:\\Users\\user\\OneDrive\\Desktop\\2022-2\\secondteam10\\frontend\\src\\components\\PostComponents\\Post\\Post.tsx","statementMap":{"0":{"start":{"line":16,"column":13},"end":{"line":44,"column":1}},"1":{"start":{"line":17,"column":1},"end":{"line":43,"column":2}}},"fnMap":{"0":{"name":"(anonymous_0)","decl":{"start":{"line":16,"column":13},"end":{"line":16,"column":14}},"loc":{"start":{"line":16,"column":32},"end":{"line":44,"column":1}},"line":16}},"branchMap":{"0":{"loc":{"start":{"line":30,"column":8},"end":{"line":34,"column":8}},"type":"cond-expr","locations":[{"start":{"line":31,"column":8},"end":{"line":31,"column":26}},{"start":{"line":33,"column":8},"end":{"line":33,"column":24}}],"line":30}},"s":{"0":2,"1":1},"f":{"0":1},"b":{"0":[1,0]},"_coverageSchema":"1a1c01bbd47fc00a2c39e90264f33305004495a9","hash":"10f63d1c45596128c0b12868cbfe0d31e3b8545c"}
,"C:\\Users\\user\\OneDrive\\Desktop\\2022-2\\secondteam10\\frontend\\src\\components\\PostComponents\\PostCreate\\PostCreate.tsx": {"path":"C:\\Users\\user\\OneDrive\\Desktop\\2022-2\\secondteam10\\frontend\\src\\components\\PostComponents\\PostCreate\\PostCreate.tsx","statementMap":{"0":{"start":{"line":24,"column":27},"end":{"line":24,"column":47}},"1":{"start":{"line":25,"column":25},"end":{"line":25,"column":45}},"2":{"start":{"line":26,"column":37},"end":{"line":26,"column":57}},"3":{"start":{"line":27,"column":31},"end":{"line":27,"column":51}},"4":{"start":{"line":28,"column":23},"end":{"line":28,"column":43}},"5":{"start":{"line":29,"column":29},"end":{"line":29,"column":49}},"6":{"start":{"line":30,"column":39},"end":{"line":30,"column":59}},"7":{"start":{"line":31,"column":35},"end":{"line":31,"column":55}},"8":{"start":{"line":32,"column":31},"end":{"line":32,"column":51}},"9":{"start":{"line":33,"column":25},"end":{"line":33,"column":45}},"10":{"start":{"line":35,"column":18},"end":{"line":35,"column":31}},"11":{"start":{"line":36,"column":18},"end":{"line":36,"column":44}},"12":{"start":{"line":37,"column":19},"end":{"line":37,"column":42}},"13":{"start":{"line":39,"column":16},"end":{"line":49,"column":2}},"14":{"start":{"line":51,"column":28},"end":{"line":59,"column":2}},"15":{"start":{"line":52,"column":16},"end":{"line":52,"column":34}},"16":{"start":{"line":53,"column":2},"end":{"line":53,"column":61}},"17":{"start":{"line":53,"column":22},"end":{"line":53,"column":61}},"18":{"start":{"line":54,"column":2},"end":{"line":54,"column":19}},"19":{"start":{"line":61,"column":27},"end":{"line":112,"column":2}},"20":{"start":{"line":62,"column":2},"end":{"line":62,"column":24}},"21":{"start":{"line":63,"column":2},"end":{"line":66,"column":3}},"22":{"start":{"line":64,"column":3},"end":{"line":64,"column":29}},"23":{"start":{"line":65,"column":3},"end":{"line":65,"column":9}},"24":{"start":{"line":68,"column":21},"end":{"line":68,"column":51}},"25":{"start":{"line":68,"column":42},"end":{"line":68,"column":50}},"26":{"start":{"line":69,"column":2},"end":{"line":69,"column":37}},"27":{"start":{"line":69,"column":31},"end":{"line":69,"column":37}},"28":{"start":{"line":71,"column":2},"end":{"line":71,"column":31}},"29":{"start":{"line":71,"column":25},"end":{"line":71,"column":31}},"30":{"start":{"line":73,"column":17},"end":{"line":73,"column":30}},"31":{"start":{"line":74,"column":2},"end":{"line":74,"column":57}},"32":{"start":{"line":74,"column":51},"end":{"line":74,"column":57}},"33":{"start":{"line":76,"column":15},"end":{"line":89,"column":3}},"34":{"start":{"line":90,"column":19},"end":{"line":90,"column":33}},"35":{"start":{"line":91,"column":2},"end":{"line":91,"column":50}},"36":{"start":{"line":92,"column":2},"end":{"line":92,"column":54}},"37":{"start":{"line":92,"column":25},"end":{"line":92,"column":53}},"38":{"start":{"line":94,"column":2},"end":{"line":102,"column":5}},"39":{"start":{"line":96,"column":23},"end":{"line":96,"column":40}},"40":{"start":{"line":97,"column":4},"end":{"line":97,"column":27}},"41":{"start":{"line":100,"column":4},"end":{"line":100,"column":20}},"42":{"start":{"line":101,"column":4},"end":{"line":101,"column":18}},"43":{"start":{"line":114,"column":39},"end":{"line":139,"column":2}},"44":{"start":{"line":141,"column":1},"end":{"line":311,"column":2}},"45":{"start":{"line":148,"column":7},"end":{"line":148,"column":29}},"46":{"start":{"line":149,"column":7},"end":{"line":149,"column":20}},"47":{"start":{"line":170,"column":10},"end":{"line":170,"column":38}},"48":{"start":{"line":183,"column":10},"end":{"line":183,"column":37}},"49":{"start":{"line":202,"column":30},"end":{"line":202,"column":50}},"50":{"start":{"line":217,"column":30},"end":{"line":217,"column":47}},"51":{"start":{"line":229,"column":10},"end":{"line":229,"column":36}},"52":{"start":{"line":241,"column":30},"end":{"line":241,"column":46}},"53":{"start":{"line":254,"column":30},"end":{"line":254,"column":51}},"54":{"start":{"line":267,"column":30},"end":{"line":267,"column":49}},"55":{"start":{"line":281,"column":10},"end":{"line":281,"column":40}}},"fnMap":{"0":{"name":"PostCreate","decl":{"start":{"line":23,"column":24},"end":{"line":23,"column":34}},"loc":{"start":{"line":23,"column":37},"end":{"line":312,"column":1}},"line":23},"1":{"name":"(anonymous_1)","decl":{"start":{"line":51,"column":28},"end":{"line":51,"column":29}},"loc":{"start":{"line":51,"column":76},"end":{"line":59,"column":2}},"line":51},"2":{"name":"(anonymous_2)","decl":{"start":{"line":61,"column":27},"end":{"line":61,"column":28}},"loc":{"start":{"line":61,"column":72},"end":{"line":112,"column":2}},"line":61},"3":{"name":"(anonymous_3)","decl":{"start":{"line":68,"column":35},"end":{"line":68,"column":36}},"loc":{"start":{"line":68,"column":42},"end":{"line":68,"column":50}},"line":68},"4":{"name":"(anonymous_4)","decl":{"start":{"line":92,"column":15},"end":{"line":92,"column":16}},"loc":{"start":{"line":92,"column":25},"end":{"line":92,"column":53}},"line":92},"5":{"name":"(anonymous_5)","decl":{"start":{"line":95,"column":9},"end":{"line":95,"column":10}},"loc":{"start":{"line":95,"column":21},"end":{"line":98,"column":4}},"line":95},"6":{"name":"(anonymous_6)","decl":{"start":{"line":99,"column":10},"end":{"line":99,"column":11}},"loc":{"start":{"line":99,"column":19},"end":{"line":102,"column":4}},"line":99},"7":{"name":"(anonymous_7)","decl":{"start":{"line":147,"column":15},"end":{"line":147,"column":16}},"loc":{"start":{"line":147,"column":26},"end":{"line":150,"column":7}},"line":147},"8":{"name":"(anonymous_8)","decl":{"start":{"line":169,"column":19},"end":{"line":169,"column":20}},"loc":{"start":{"line":170,"column":10},"end":{"line":170,"column":38}},"line":170},"9":{"name":"(anonymous_9)","decl":{"start":{"line":182,"column":19},"end":{"line":182,"column":20}},"loc":{"start":{"line":183,"column":10},"end":{"line":183,"column":37}},"line":183},"10":{"name":"(anonymous_10)","decl":{"start":{"line":202,"column":19},"end":{"line":202,"column":20}},"loc":{"start":{"line":202,"column":30},"end":{"line":202,"column":50}},"line":202},"11":{"name":"(anonymous_11)","decl":{"start":{"line":217,"column":19},"end":{"line":217,"column":20}},"loc":{"start":{"line":217,"column":30},"end":{"line":217,"column":47}},"line":217},"12":{"name":"(anonymous_12)","decl":{"start":{"line":228,"column":19},"end":{"line":228,"column":20}},"loc":{"start":{"line":229,"column":10},"end":{"line":229,"column":36}},"line":229},"13":{"name":"(anonymous_13)","decl":{"start":{"line":241,"column":19},"end":{"line":241,"column":20}},"loc":{"start":{"line":241,"column":30},"end":{"line":241,"column":46}},"line":241},"14":{"name":"(anonymous_14)","decl":{"start":{"line":254,"column":19},"end":{"line":254,"column":20}},"loc":{"start":{"line":254,"column":30},"end":{"line":254,"column":51}},"line":254},"15":{"name":"(anonymous_15)","decl":{"start":{"line":267,"column":19},"end":{"line":267,"column":20}},"loc":{"start":{"line":267,"column":30},"end":{"line":267,"column":49}},"line":267},"16":{"name":"(anonymous_16)","decl":{"start":{"line":280,"column":19},"end":{"line":280,"column":20}},"loc":{"start":{"line":281,"column":10},"end":{"line":281,"column":40}},"line":281}},"branchMap":{"0":{"loc":{"start":{"line":53,"column":2},"end":{"line":53,"column":61}},"type":"if","locations":[{"start":{"line":53,"column":2},"end":{"line":53,"column":61}},{"start":{},"end":{}}],"line":53},"1":{"loc":{"start":{"line":63,"column":2},"end":{"line":66,"column":3}},"type":"if","locations":[{"start":{"line":63,"column":2},"end":{"line":66,"column":3}},{"start":{},"end":{}}],"line":63},"2":{"loc":{"start":{"line":69,"column":2},"end":{"line":69,"column":37}},"type":"if","locations":[{"start":{"line":69,"column":2},"end":{"line":69,"column":37}},{"start":{},"end":{}}],"line":69},"3":{"loc":{"start":{"line":71,"column":2},"end":{"line":71,"column":31}},"type":"if","locations":[{"start":{"line":71,"column":2},"end":{"line":71,"column":31}},{"start":{},"end":{}}],"line":71},"4":{"loc":{"start":{"line":74,"column":2},"end":{"line":74,"column":57}},"type":"if","locations":[{"start":{"line":74,"column":2},"end":{"line":74,"column":57}},{"start":{},"end":{}}],"line":74},"5":{"loc":{"start":{"line":74,"column":6},"end":{"line":74,"column":49}},"type":"binary-expr","locations":[{"start":{"line":74,"column":6},"end":{"line":74,"column":19}},{"start":{"line":74,"column":23},"end":{"line":74,"column":34}},{"start":{"line":74,"column":38},"end":{"line":74,"column":49}}],"line":74},"6":{"loc":{"start":{"line":213,"column":10},"end":{"line":215,"column":15}},"type":"cond-expr","locations":[{"start":{"line":214,"column":13},"end":{"line":214,"column":36}},{"start":{"line":215,"column":13},"end":{"line":215,"column":15}}],"line":213}},"s":{"0":0,"1":0,"2":0,"3":0,"4":0,"5":0,"6":0,"7":0,"8":0,"9":0,"10":0,"11":0,"12":0,"13":0,"14":0,"15":0,"16":0,"17":0,"18":0,"19":0,"20":0,"21":0,"22":0,"23":0,"24":0,"25":0,"26":0,"27":0,"28":0,"29":0,"30":0,"31":0,"32":0,"33":0,"34":0,"35":0,"36":0,"37":0,"38":0,"39":0,"40":0,"41":0,"42":0,"43":0,"44":0,"45":0,"46":0,"47":0,"48":0,"49":0,"50":0,"51":0,"52":0,"53":0,"54":0,"55":0},"f":{"0":0,"1":0,"2":0,"3":0,"4":0,"5":0,"6":0,"7":0,"8":0,"9":0,"10":0,"11":0,"12":0,"13":0,"14":0,"15":0,"16":0},"b":{"0":[0,0],"1":[0,0],"2":[0,0],"3":[0,0],"4":[0,0],"5":[0,0,0],"6":[0,0]},"_coverageSchema":"1a1c01bbd47fc00a2c39e90264f33305004495a9","hash":"48547c1f78fbfdb6a5103a560f5a93aaab15c4ea"}
,"C:\\Users\\user\\OneDrive\\Desktop\\2022-2\\secondteam10\\frontend\\src\\components\\PostComponents\\PostDetail\\PostDetail.tsx": {"path":"C:\\Users\\user\\OneDrive\\Desktop\\2022-2\\secondteam10\\frontend\\src\\components\\PostComponents\\PostDetail\\PostDetail.tsx","statementMap":{"0":{"start":{"line":23,"column":19},"end":{"line":109,"column":1}},"1":{"start":{"line":24,"column":16},"end":{"line":24,"column":27}},"2":{"start":{"line":25,"column":18},"end":{"line":25,"column":44}},"3":{"start":{"line":26,"column":19},"end":{"line":26,"column":42}},"4":{"start":{"line":27,"column":19},"end":{"line":27,"column":42}},"5":{"start":{"line":28,"column":18},"end":{"line":28,"column":31}},"6":{"start":{"line":30,"column":1},"end":{"line":34,"column":9}},"7":{"start":{"line":31,"column":2},"end":{"line":31,"column":31}},"8":{"start":{"line":32,"column":2},"end":{"line":33,"column":54}},"9":{"start":{"line":33,"column":3},"end":{"line":33,"column":54}},"10":{"start":{"line":36,"column":1},"end":{"line":108,"column":2}},"11":{"start":{"line":73,"column":9},"end":{"line":78,"column":10}},"12":{"start":{"line":89,"column":10},"end":{"line":89,"column":38}},"13":{"start":{"line":97,"column":10},"end":{"line":97,"column":42}},"14":{"start":{"line":98,"column":10},"end":{"line":98,"column":23}}},"fnMap":{"0":{"name":"(anonymous_0)","decl":{"start":{"line":23,"column":19},"end":{"line":23,"column":20}},"loc":{"start":{"line":23,"column":38},"end":{"line":109,"column":1}},"line":23},"1":{"name":"(anonymous_1)","decl":{"start":{"line":30,"column":11},"end":{"line":30,"column":12}},"loc":{"start":{"line":30,"column":17},"end":{"line":34,"column":2}},"line":30},"2":{"name":"(anonymous_2)","decl":{"start":{"line":72,"column":13},"end":{"line":72,"column":14}},"loc":{"start":{"line":72,"column":23},"end":{"line":79,"column":9}},"line":72},"3":{"name":"(anonymous_3)","decl":{"start":{"line":88,"column":18},"end":{"line":88,"column":19}},"loc":{"start":{"line":88,"column":24},"end":{"line":90,"column":10}},"line":88},"4":{"name":"(anonymous_4)","decl":{"start":{"line":96,"column":18},"end":{"line":96,"column":19}},"loc":{"start":{"line":96,"column":24},"end":{"line":99,"column":10}},"line":96}},"branchMap":{"0":{"loc":{"start":{"line":32,"column":2},"end":{"line":33,"column":54}},"type":"if","locations":[{"start":{"line":32,"column":2},"end":{"line":33,"column":54}},{"start":{},"end":{}}],"line":32},"1":{"loc":{"start":{"line":47,"column":8},"end":{"line":49,"column":14}},"type":"cond-expr","locations":[{"start":{"line":48,"column":10},"end":{"line":48,"column":14}},{"start":{"line":49,"column":10},"end":{"line":49,"column":14}}],"line":47},"2":{"loc":{"start":{"line":54,"column":8},"end":{"line":56,"column":28}},"type":"cond-expr","locations":[{"start":{"line":55,"column":10},"end":{"line":55,"column":28}},{"start":{"line":56,"column":10},"end":{"line":56,"column":28}}],"line":54},"3":{"loc":{"start":{"line":60,"column":8},"end":{"line":62,"column":28}},"type":"cond-expr","locations":[{"start":{"line":61,"column":10},"end":{"line":61,"column":26}},{"start":{"line":62,"column":10},"end":{"line":62,"column":28}}],"line":60},"4":{"loc":{"start":{"line":83,"column":6},"end":{"line":104,"column":7}},"type":"binary-expr","locations":[{"start":{"line":83,"column":6},"end":{"line":84,"column":31}},{"start":{"line":85,"column":7},"end":{"line":103,"column":13}}],"line":83}},"s":{"0":1,"1":0,"2":0,"3":0,"4":0,"5":0,"6":0,"7":0,"8":0,"9":0,"10":0,"11":0,"12":0,"13":0,"14":0},"f":{"0":0,"1":0,"2":0,"3":0,"4":0},"b":{"0":[0,0],"1":[0,0],"2":[0,0],"3":[0,0],"4":[0,0]},"_coverageSchema":"1a1c01bbd47fc00a2c39e90264f33305004495a9","hash":"52b5bc67cfce3fe22ab90c060db3a54881c3930a"}
,"C:\\Users\\user\\OneDrive\\Desktop\\2022-2\\secondteam10\\frontend\\src\\components\\PostComponents\\PostEdit\\PostEdit.tsx": {"path":"C:\\Users\\user\\OneDrive\\Desktop\\2022-2\\secondteam10\\frontend\\src\\components\\PostComponents\\PostEdit\\PostEdit.tsx","statementMap":{"0":{"start":{"line":30,"column":16},"end":{"line":30,"column":27}},"1":{"start":{"line":32,"column":27},"end":{"line":32,"column":47}},"2":{"start":{"line":33,"column":25},"end":{"line":33,"column":45}},"3":{"start":{"line":34,"column":37},"end":{"line":34,"column":57}},"4":{"start":{"line":35,"column":31},"end":{"line":35,"column":51}},"5":{"start":{"line":36,"column":23},"end":{"line":36,"column":43}},"6":{"start":{"line":37,"column":29},"end":{"line":37,"column":49}},"7":{"start":{"line":38,"column":39},"end":{"line":38,"column":59}},"8":{"start":{"line":39,"column":35},"end":{"line":39,"column":55}},"9":{"start":{"line":40,"column":31},"end":{"line":40,"column":51}},"10":{"start":{"line":41,"column":25},"end":{"line":41,"column":62}},"11":{"start":{"line":43,"column":18},"end":{"line":43,"column":31}},"12":{"start":{"line":44,"column":18},"end":{"line":44,"column":44}},"13":{"start":{"line":45,"column":19},"end":{"line":45,"column":42}},"14":{"start":{"line":47,"column":1},"end":{"line":64,"column":9}},"15":{"start":{"line":48,"column":2},"end":{"line":48,"column":31}},"16":{"start":{"line":49,"column":22},"end":{"line":51,"column":4}},"17":{"start":{"line":50,"column":3},"end":{"line":50,"column":32}},"18":{"start":{"line":52,"column":2},"end":{"line":63,"column":3}},"19":{"start":{"line":53,"column":3},"end":{"line":53,"column":30}},"20":{"start":{"line":54,"column":3},"end":{"line":54,"column":28}},"21":{"start":{"line":55,"column":3},"end":{"line":55,"column":41}},"22":{"start":{"line":56,"column":3},"end":{"line":56,"column":34}},"23":{"start":{"line":57,"column":3},"end":{"line":57,"column":34}},"24":{"start":{"line":58,"column":3},"end":{"line":58,"column":46}},"25":{"start":{"line":59,"column":3},"end":{"line":59,"column":54}},"26":{"start":{"line":60,"column":3},"end":{"line":60,"column":50}},"27":{"start":{"line":61,"column":3},"end":{"line":61,"column":34}},"28":{"start":{"line":62,"column":3},"end":{"line":62,"column":34}},"29":{"start":{"line":66,"column":28},"end":{"line":72,"column":2}},"30":{"start":{"line":67,"column":16},"end":{"line":67,"column":34}},"31":{"start":{"line":68,"column":2},"end":{"line":68,"column":20}},"32":{"start":{"line":69,"column":2},"end":{"line":71,"column":4}},"33":{"start":{"line":74,"column":27},"end":{"line":99,"column":2}},"34":{"start":{"line":77,"column":2},"end":{"line":77,"column":27}},"35":{"start":{"line":78,"column":2},"end":{"line":78,"column":24}},"36":{"start":{"line":79,"column":15},"end":{"line":91,"column":3}},"37":{"start":{"line":92,"column":2},"end":{"line":92,"column":19}},"38":{"start":{"line":101,"column":39},"end":{"line":126,"column":2}},"39":{"start":{"line":128,"column":1},"end":{"line":297,"column":2}},"40":{"start":{"line":135,"column":7},"end":{"line":135,"column":29}},"41":{"start":{"line":136,"column":7},"end":{"line":136,"column":20}},"42":{"start":{"line":157,"column":10},"end":{"line":157,"column":38}},"43":{"start":{"line":170,"column":10},"end":{"line":170,"column":37}},"44":{"start":{"line":189,"column":30},"end":{"line":189,"column":50}},"45":{"start":{"line":204,"column":30},"end":{"line":204,"column":47}},"46":{"start":{"line":216,"column":10},"end":{"line":216,"column":36}},"47":{"start":{"line":228,"column":30},"end":{"line":228,"column":46}},"48":{"start":{"line":241,"column":30},"end":{"line":241,"column":51}},"49":{"start":{"line":254,"column":30},"end":{"line":254,"column":49}},"50":{"start":{"line":268,"column":10},"end":{"line":268,"column":40}}},"fnMap":{"0":{"name":"PostCreate","decl":{"start":{"line":29,"column":24},"end":{"line":29,"column":34}},"loc":{"start":{"line":29,"column":37},"end":{"line":298,"column":1}},"line":29},"1":{"name":"(anonymous_1)","decl":{"start":{"line":47,"column":11},"end":{"line":47,"column":12}},"loc":{"start":{"line":47,"column":17},"end":{"line":64,"column":2}},"line":47},"2":{"name":"(anonymous_2)","decl":{"start":{"line":49,"column":43},"end":{"line":49,"column":44}},"loc":{"start":{"line":49,"column":53},"end":{"line":51,"column":3}},"line":49},"3":{"name":"(anonymous_3)","decl":{"start":{"line":66,"column":28},"end":{"line":66,"column":29}},"loc":{"start":{"line":66,"column":76},"end":{"line":72,"column":2}},"line":66},"4":{"name":"(anonymous_4)","decl":{"start":{"line":74,"column":27},"end":{"line":74,"column":28}},"loc":{"start":{"line":76,"column":6},"end":{"line":99,"column":2}},"line":76},"5":{"name":"(anonymous_5)","decl":{"start":{"line":134,"column":15},"end":{"line":134,"column":16}},"loc":{"start":{"line":134,"column":26},"end":{"line":137,"column":7}},"line":134},"6":{"name":"(anonymous_6)","decl":{"start":{"line":156,"column":19},"end":{"line":156,"column":20}},"loc":{"start":{"line":157,"column":10},"end":{"line":157,"column":38}},"line":157},"7":{"name":"(anonymous_7)","decl":{"start":{"line":169,"column":19},"end":{"line":169,"column":20}},"loc":{"start":{"line":170,"column":10},"end":{"line":170,"column":37}},"line":170},"8":{"name":"(anonymous_8)","decl":{"start":{"line":189,"column":19},"end":{"line":189,"column":20}},"loc":{"start":{"line":189,"column":30},"end":{"line":189,"column":50}},"line":189},"9":{"name":"(anonymous_9)","decl":{"start":{"line":204,"column":19},"end":{"line":204,"column":20}},"loc":{"start":{"line":204,"column":30},"end":{"line":204,"column":47}},"line":204},"10":{"name":"(anonymous_10)","decl":{"start":{"line":215,"column":19},"end":{"line":215,"column":20}},"loc":{"start":{"line":216,"column":10},"end":{"line":216,"column":36}},"line":216},"11":{"name":"(anonymous_11)","decl":{"start":{"line":228,"column":19},"end":{"line":228,"column":20}},"loc":{"start":{"line":228,"column":30},"end":{"line":228,"column":46}},"line":228},"12":{"name":"(anonymous_12)","decl":{"start":{"line":241,"column":19},"end":{"line":241,"column":20}},"loc":{"start":{"line":241,"column":30},"end":{"line":241,"column":51}},"line":241},"13":{"name":"(anonymous_13)","decl":{"start":{"line":254,"column":19},"end":{"line":254,"column":20}},"loc":{"start":{"line":254,"column":30},"end":{"line":254,"column":49}},"line":254},"14":{"name":"(anonymous_14)","decl":{"start":{"line":267,"column":19},"end":{"line":267,"column":20}},"loc":{"start":{"line":268,"column":10},"end":{"line":268,"column":40}},"line":268}},"branchMap":{"0":{"loc":{"start":{"line":52,"column":2},"end":{"line":63,"column":3}},"type":"if","locations":[{"start":{"line":52,"column":2},"end":{"line":63,"column":3}},{"start":{},"end":{}}],"line":52},"1":{"loc":{"start":{"line":58,"column":13},"end":{"line":58,"column":45}},"type":"cond-expr","locations":[{"start":{"line":58,"column":34},"end":{"line":58,"column":38}},{"start":{"line":58,"column":41},"end":{"line":58,"column":45}}],"line":58},"2":{"loc":{"start":{"line":59,"column":18},"end":{"line":59,"column":53}},"type":"cond-expr","locations":[{"start":{"line":59,"column":44},"end":{"line":59,"column":47}},{"start":{"line":59,"column":50},"end":{"line":59,"column":53}}],"line":59},"3":{"loc":{"start":{"line":60,"column":16},"end":{"line":60,"column":49}},"type":"cond-expr","locations":[{"start":{"line":60,"column":40},"end":{"line":60,"column":43}},{"start":{"line":60,"column":46},"end":{"line":60,"column":49}}],"line":60},"4":{"loc":{"start":{"line":85,"column":11},"end":{"line":85,"column":41}},"type":"cond-expr","locations":[{"start":{"line":85,"column":29},"end":{"line":85,"column":33}},{"start":{"line":85,"column":36},"end":{"line":85,"column":41}}],"line":85},"5":{"loc":{"start":{"line":86,"column":14},"end":{"line":86,"column":46}},"type":"cond-expr","locations":[{"start":{"line":86,"column":34},"end":{"line":86,"column":38}},{"start":{"line":86,"column":41},"end":{"line":86,"column":46}}],"line":86},"6":{"loc":{"start":{"line":87,"column":16},"end":{"line":87,"column":50}},"type":"cond-expr","locations":[{"start":{"line":87,"column":38},"end":{"line":87,"column":42}},{"start":{"line":87,"column":45},"end":{"line":87,"column":50}}],"line":87},"7":{"loc":{"start":{"line":200,"column":10},"end":{"line":202,"column":15}},"type":"cond-expr","locations":[{"start":{"line":201,"column":13},"end":{"line":201,"column":36}},{"start":{"line":202,"column":13},"end":{"line":202,"column":15}}],"line":200}},"s":{"0":0,"1":0,"2":0,"3":0,"4":0,"5":0,"6":0,"7":0,"8":0,"9":0,"10":0,"11":0,"12":0,"13":0,"14":0,"15":0,"16":0,"17":0,"18":0,"19":0,"20":0,"21":0,"22":0,"23":0,"24":0,"25":0,"26":0,"27":0,"28":0,"29":0,"30":0,"31":0,"32":0,"33":0,"34":0,"35":0,"36":0,"37":0,"38":0,"39":0,"40":0,"41":0,"42":0,"43":0,"44":0,"45":0,"46":0,"47":0,"48":0,"49":0,"50":0},"f":{"0":0,"1":0,"2":0,"3":0,"4":0,"5":0,"6":0,"7":0,"8":0,"9":0,"10":0,"11":0,"12":0,"13":0,"14":0},"b":{"0":[0,0],"1":[0,0],"2":[0,0],"3":[0,0],"4":[0,0],"5":[0,0],"6":[0,0],"7":[0,0]},"_coverageSchema":"1a1c01bbd47fc00a2c39e90264f33305004495a9","hash":"750754204e27e8e2fdfa051c7b705905f070d596"}
,"C:\\Users\\user\\OneDrive\\Desktop\\2022-2\\secondteam10\\frontend\\src\\components\\PostComponents\\PostHeader\\PostHeader.tsx": {"path":"C:\\Users\\user\\OneDrive\\Desktop\\2022-2\\secondteam10\\frontend\\src\\components\\PostComponents\\PostHeader\\PostHeader.tsx","statementMap":{"0":{"start":{"line":20,"column":19},"end":{"line":107,"column":1}},"1":{"start":{"line":21,"column":19},"end":{"line":21,"column":42}},"2":{"start":{"line":22,"column":18},"end":{"line":22,"column":31}},"3":{"start":{"line":24,"column":37},"end":{"line":24,"column":52}},"4":{"start":{"line":26,"column":1},"end":{"line":106,"column":2}},"5":{"start":{"line":55,"column":7},"end":{"line":55,"column":33}},"6":{"start":{"line":96,"column":5},"end":{"line":102,"column":6}}},"fnMap":{"0":{"name":"(anonymous_0)","decl":{"start":{"line":20,"column":19},"end":{"line":20,"column":20}},"loc":{"start":{"line":20,"column":38},"end":{"line":107,"column":1}},"line":20},"1":{"name":"(anonymous_1)","decl":{"start":{"line":54,"column":15},"end":{"line":54,"column":16}},"loc":{"start":{"line":54,"column":21},"end":{"line":56,"column":7}},"line":54},"2":{"name":"(anonymous_2)","decl":{"start":{"line":95,"column":44},"end":{"line":95,"column":45}},"loc":{"start":{"line":95,"column":58},"end":{"line":103,"column":5}},"line":95}},"branchMap":{"0":{"loc":{"start":{"line":34,"column":6},"end":{"line":34,"column":50}},"type":"cond-expr","locations":[{"start":{"line":34,"column":39},"end":{"line":34,"column":43}},{"start":{"line":34,"column":46},"end":{"line":34,"column":50}}],"line":34},"1":{"loc":{"start":{"line":41,"column":5},"end":{"line":49,"column":5}},"type":"cond-expr","locations":[{"start":{"line":42,"column":5},"end":{"line":44,"column":11}},{"start":{"line":46,"column":5},"end":{"line":48,"column":11}}],"line":41},"2":{"loc":{"start":{"line":58,"column":7},"end":{"line":62,"column":7}},"type":"cond-expr","locations":[{"start":{"line":59,"column":7},"end":{"line":59,"column":26}},{"start":{"line":61,"column":7},"end":{"line":61,"column":33}}],"line":58},"3":{"loc":{"start":{"line":88,"column":4},"end":{"line":92,"column":4}},"type":"binary-expr","locations":[{"start":{"line":88,"column":4},"end":{"line":88,"column":20}},{"start":{"line":89,"column":4},"end":{"line":91,"column":10}}],"line":88}},"s":{"0":1,"1":0,"2":0,"3":0,"4":0,"5":0,"6":0},"f":{"0":0,"1":0,"2":0},"b":{"0":[0,0],"1":[0,0],"2":[0,0],"3":[0,0]},"_coverageSchema":"1a1c01bbd47fc00a2c39e90264f33305004495a9","hash":"8b2ba0921063d6c356558db611cdf3525342a1a5"}
,"C:\\Users\\user\\OneDrive\\Desktop\\2022-2\\secondteam10\\frontend\\src\\components\\PostComponents\\PostList\\PostList.tsx": {"path":"C:\\Users\\user\\OneDrive\\Desktop\\2022-2\\secondteam10\\frontend\\src\\components\\PostComponents\\PostList\\PostList.tsx","statementMap":{"0":{"start":{"line":17,"column":18},"end":{"line":17,"column":31}},"1":{"start":{"line":19,"column":19},"end":{"line":19,"column":42}},"2":{"start":{"line":20,"column":18},"end":{"line":20,"column":44}},"3":{"start":{"line":22,"column":1},"end":{"line":25,"column":7}},"4":{"start":{"line":24,"column":2},"end":{"line":24,"column":22}},"5":{"start":{"line":27,"column":1},"end":{"line":86,"column":2}},"6":{"start":{"line":58,"column":7},"end":{"line":72,"column":8}},"7":{"start":{"line":69,"column":10},"end":{"line":69,"column":38}},"8":{"start":{"line":78,"column":22},"end":{"line":78,"column":46}}},"fnMap":{"0":{"name":"PostList","decl":{"start":{"line":16,"column":24},"end":{"line":16,"column":32}},"loc":{"start":{"line":16,"column":35},"end":{"line":87,"column":1}},"line":16},"1":{"name":"(anonymous_1)","decl":{"start":{"line":22,"column":11},"end":{"line":22,"column":12}},"loc":{"start":{"line":22,"column":17},"end":{"line":25,"column":2}},"line":22},"2":{"name":"(anonymous_2)","decl":{"start":{"line":57,"column":27},"end":{"line":57,"column":28}},"loc":{"start":{"line":57,"column":47},"end":{"line":73,"column":7}},"line":57},"3":{"name":"(anonymous_3)","decl":{"start":{"line":68,"column":22},"end":{"line":68,"column":23}},"loc":{"start":{"line":69,"column":10},"end":{"line":69,"column":38}},"line":69},"4":{"name":"(anonymous_4)","decl":{"start":{"line":78,"column":16},"end":{"line":78,"column":17}},"loc":{"start":{"line":78,"column":22},"end":{"line":78,"column":46}},"line":78}},"branchMap":{},"s":{"0":1,"1":1,"2":1,"3":1,"4":1,"5":1,"6":0,"7":0,"8":0},"f":{"0":1,"1":1,"2":0,"3":0,"4":0},"b":{},"_coverageSchema":"1a1c01bbd47fc00a2c39e90264f33305004495a9","hash":"0c2a83ae6ff905b43c9f3a23a26de1ed9ef8ae76"}
,"C:\\Users\\user\\OneDrive\\Desktop\\2022-2\\secondteam10\\frontend\\src\\components\\ReviewComponents\\Review\\Review.tsx": {"path":"C:\\Users\\user\\OneDrive\\Desktop\\2022-2\\secondteam10\\frontend\\src\\components\\ReviewComponents\\Review\\Review.tsx","statementMap":{"0":{"start":{"line":11,"column":15},"end":{"line":25,"column":1}},"1":{"start":{"line":12,"column":1},"end":{"line":24,"column":2}}},"fnMap":{"0":{"name":"(anonymous_0)","decl":{"start":{"line":11,"column":15},"end":{"line":11,"column":16}},"loc":{"start":{"line":11,"column":34},"end":{"line":25,"column":1}},"line":11}},"branchMap":{},"s":{"0":2,"1":1},"f":{"0":1},"b":{},"_coverageSchema":"1a1c01bbd47fc00a2c39e90264f33305004495a9","hash":"b52154d0d14af5b6a09a07f9efb2b7b399f44689"}
,"C:\\Users\\user\\OneDrive\\Desktop\\2022-2\\secondteam10\\frontend\\src\\components\\ReviewComponents\\ReviewCreate\\ReviewCreate.tsx": {"path":"C:\\Users\\user\\OneDrive\\Desktop\\2022-2\\secondteam10\\frontend\\src\\components\\ReviewComponents\\ReviewCreate\\ReviewCreate.tsx","statementMap":{"0":{"start":{"line":20,"column":27},"end":{"line":20,"column":47}},"1":{"start":{"line":21,"column":31},"end":{"line":21,"column":51}},"2":{"start":{"line":22,"column":25},"end":{"line":22,"column":45}},"3":{"start":{"line":24,"column":18},"end":{"line":24,"column":31}},"4":{"start":{"line":25,"column":18},"end":{"line":25,"column":44}},"5":{"start":{"line":26,"column":19},"end":{"line":26,"column":42}},"6":{"start":{"line":31,"column":28},"end":{"line":34,"column":2}},"7":{"start":{"line":32,"column":16},"end":{"line":32,"column":34}},"8":{"start":{"line":33,"column":2},"end":{"line":33,"column":61}},"9":{"start":{"line":33,"column":22},"end":{"line":33,"column":61}},"10":{"start":{"line":36,"column":29},"end":{"line":62,"column":2}},"11":{"start":{"line":37,"column":2},"end":{"line":37,"column":24}},"12":{"start":{"line":38,"column":2},"end":{"line":41,"column":3}},"13":{"start":{"line":39,"column":3},"end":{"line":39,"column":28}},"14":{"start":{"line":40,"column":3},"end":{"line":40,"column":9}},"15":{"start":{"line":42,"column":2},"end":{"line":42,"column":20}},"16":{"start":{"line":43,"column":2},"end":{"line":43,"column":22}},"17":{"start":{"line":44,"column":2},"end":{"line":44,"column":19}},"18":{"start":{"line":46,"column":2},"end":{"line":46,"column":32}},"19":{"start":{"line":46,"column":26},"end":{"line":46,"column":32}},"20":{"start":{"line":47,"column":2},"end":{"line":47,"column":31}},"21":{"start":{"line":47,"column":25},"end":{"line":47,"column":31}},"22":{"start":{"line":49,"column":15},"end":{"line":49,"column":49}},"23":{"start":{"line":50,"column":19},"end":{"line":50,"column":33}},"24":{"start":{"line":51,"column":2},"end":{"line":51,"column":50}},"25":{"start":{"line":52,"column":2},"end":{"line":52,"column":54}},"26":{"start":{"line":52,"column":25},"end":{"line":52,"column":53}},"27":{"start":{"line":53,"column":2},"end":{"line":60,"column":5}},"28":{"start":{"line":55,"column":4},"end":{"line":55,"column":23}},"29":{"start":{"line":58,"column":4},"end":{"line":58,"column":20}},"30":{"start":{"line":59,"column":4},"end":{"line":59,"column":18}},"31":{"start":{"line":67,"column":1},"end":{"line":163,"column":2}},"32":{"start":{"line":74,"column":7},"end":{"line":74,"column":29}},"33":{"start":{"line":75,"column":7},"end":{"line":75,"column":26}},"34":{"start":{"line":98,"column":10},"end":{"line":98,"column":38}},"35":{"start":{"line":112,"column":10},"end":{"line":112,"column":40}},"36":{"start":{"line":141,"column":8},"end":{"line":148,"column":9}}},"fnMap":{"0":{"name":"ReviewCreate","decl":{"start":{"line":19,"column":24},"end":{"line":19,"column":36}},"loc":{"start":{"line":19,"column":39},"end":{"line":165,"column":1}},"line":19},"1":{"name":"(anonymous_1)","decl":{"start":{"line":31,"column":28},"end":{"line":31,"column":29}},"loc":{"start":{"line":31,"column":76},"end":{"line":34,"column":2}},"line":31},"2":{"name":"(anonymous_2)","decl":{"start":{"line":36,"column":29},"end":{"line":36,"column":30}},"loc":{"start":{"line":36,"column":74},"end":{"line":62,"column":2}},"line":36},"3":{"name":"(anonymous_3)","decl":{"start":{"line":52,"column":15},"end":{"line":52,"column":16}},"loc":{"start":{"line":52,"column":25},"end":{"line":52,"column":53}},"line":52},"4":{"name":"(anonymous_4)","decl":{"start":{"line":54,"column":9},"end":{"line":54,"column":10}},"loc":{"start":{"line":54,"column":21},"end":{"line":56,"column":4}},"line":54},"5":{"name":"(anonymous_5)","decl":{"start":{"line":57,"column":10},"end":{"line":57,"column":11}},"loc":{"start":{"line":57,"column":19},"end":{"line":60,"column":4}},"line":57},"6":{"name":"(anonymous_6)","decl":{"start":{"line":73,"column":15},"end":{"line":73,"column":16}},"loc":{"start":{"line":73,"column":26},"end":{"line":76,"column":7}},"line":73},"7":{"name":"(anonymous_7)","decl":{"start":{"line":97,"column":19},"end":{"line":97,"column":20}},"loc":{"start":{"line":98,"column":10},"end":{"line":98,"column":38}},"line":98},"8":{"name":"(anonymous_8)","decl":{"start":{"line":111,"column":19},"end":{"line":111,"column":20}},"loc":{"start":{"line":112,"column":10},"end":{"line":112,"column":40}},"line":112},"9":{"name":"(anonymous_9)","decl":{"start":{"line":140,"column":17},"end":{"line":140,"column":18}},"loc":{"start":{"line":140,"column":39},"end":{"line":149,"column":8}},"line":140}},"branchMap":{"0":{"loc":{"start":{"line":33,"column":2},"end":{"line":33,"column":61}},"type":"if","locations":[{"start":{"line":33,"column":2},"end":{"line":33,"column":61}},{"start":{},"end":{}}],"line":33},"1":{"loc":{"start":{"line":38,"column":2},"end":{"line":41,"column":3}},"type":"if","locations":[{"start":{"line":38,"column":2},"end":{"line":41,"column":3}},{"start":{},"end":{}}],"line":38},"2":{"loc":{"start":{"line":46,"column":2},"end":{"line":46,"column":32}},"type":"if","locations":[{"start":{"line":46,"column":2},"end":{"line":46,"column":32}},{"start":{},"end":{}}],"line":46},"3":{"loc":{"start":{"line":47,"column":2},"end":{"line":47,"column":31}},"type":"if","locations":[{"start":{"line":47,"column":2},"end":{"line":47,"column":31}},{"start":{},"end":{}}],"line":47},"4":{"loc":{"start":{"line":153,"column":20},"end":{"line":153,"column":36}},"type":"binary-expr","locations":[{"start":{"line":153,"column":20},"end":{"line":153,"column":25}},{"start":{"line":153,"column":29},"end":{"line":153,"column":36}}],"line":153}},"s":{"0":0,"1":0,"2":0,"3":0,"4":0,"5":0,"6":0,"7":0,"8":0,"9":0,"10":0,"11":0,"12":0,"13":0,"14":0,"15":0,"16":0,"17":0,"18":0,"19":0,"20":0,"21":0,"22":0,"23":0,"24":0,"25":0,"26":0,"27":0,"28":0,"29":0,"30":0,"31":0,"32":0,"33":0,"34":0,"35":0,"36":0},"f":{"0":0,"1":0,"2":0,"3":0,"4":0,"5":0,"6":0,"7":0,"8":0,"9":0},"b":{"0":[0,0],"1":[0,0],"2":[0,0],"3":[0,0],"4":[0,0]},"_coverageSchema":"1a1c01bbd47fc00a2c39e90264f33305004495a9","hash":"6c89fb4553b03f476ab4fc8354f02740d5901022"}
,"C:\\Users\\user\\OneDrive\\Desktop\\2022-2\\secondteam10\\frontend\\src\\components\\ReviewComponents\\ReviewDetail\\ReviewDetail.tsx": {"path":"C:\\Users\\user\\OneDrive\\Desktop\\2022-2\\secondteam10\\frontend\\src\\components\\ReviewComponents\\ReviewDetail\\ReviewDetail.tsx","statementMap":{"0":{"start":{"line":11,"column":21},"end":{"line":38,"column":1}},"1":{"start":{"line":12,"column":1},"end":{"line":37,"column":2}},"2":{"start":{"line":17,"column":9},"end":{"line":23,"column":10}}},"fnMap":{"0":{"name":"(anonymous_0)","decl":{"start":{"line":11,"column":21},"end":{"line":11,"column":22}},"loc":{"start":{"line":11,"column":40},"end":{"line":38,"column":1}},"line":11},"1":{"name":"(anonymous_1)","decl":{"start":{"line":16,"column":42},"end":{"line":16,"column":43}},"loc":{"start":{"line":16,"column":59},"end":{"line":24,"column":6}},"line":16}},"branchMap":{},"s":{"0":1,"1":0,"2":0},"f":{"0":0,"1":0},"b":{},"_coverageSchema":"1a1c01bbd47fc00a2c39e90264f33305004495a9","hash":"29fafc7b98668be817ad6f4d417649e47ea3f4ac"}
,"C:\\Users\\user\\OneDrive\\Desktop\\2022-2\\secondteam10\\frontend\\src\\components\\ReviewComponents\\ReviewList\\ReviewList.tsx": {"path":"C:\\Users\\user\\OneDrive\\Desktop\\2022-2\\secondteam10\\frontend\\src\\components\\ReviewComponents\\ReviewList\\ReviewList.tsx","statementMap":{"0":{"start":{"line":20,"column":18},"end":{"line":20,"column":31}},"1":{"start":{"line":22,"column":21},"end":{"line":22,"column":46}},"2":{"start":{"line":23,"column":18},"end":{"line":23,"column":44}},"3":{"start":{"line":25,"column":1},"end":{"line":27,"column":7}},"4":{"start":{"line":26,"column":2},"end":{"line":26,"column":24}},"5":{"start":{"line":29,"column":35},"end":{"line":29,"column":59}},"6":{"start":{"line":30,"column":28},"end":{"line":32,"column":19}},"7":{"start":{"line":31,"column":8},"end":{"line":31,"column":33}},"8":{"start":{"line":33,"column":46},"end":{"line":33,"column":90}},"9":{"start":{"line":34,"column":26},"end":{"line":37,"column":34}},"10":{"start":{"line":35,"column":8},"end":{"line":35,"column":33}},"11":{"start":{"line":36,"column":8},"end":{"line":36,"column":32}},"12":{"start":{"line":39,"column":1},"end":{"line":75,"column":2}},"13":{"start":{"line":45,"column":7},"end":{"line":54,"column":8}},"14":{"start":{"line":46,"column":63},"end":{"line":46,"column":84}},"15":{"start":{"line":67,"column":22},"end":{"line":67,"column":49}}},"fnMap":{"0":{"name":"ReviewList","decl":{"start":{"line":19,"column":24},"end":{"line":19,"column":34}},"loc":{"start":{"line":19,"column":37},"end":{"line":76,"column":1}},"line":19},"1":{"name":"(anonymous_1)","decl":{"start":{"line":25,"column":11},"end":{"line":25,"column":12}},"loc":{"start":{"line":25,"column":17},"end":{"line":27,"column":2}},"line":25},"2":{"name":"(anonymous_2)","decl":{"start":{"line":30,"column":40},"end":{"line":30,"column":41}},"loc":{"start":{"line":30,"column":46},"end":{"line":32,"column":5}},"line":30},"3":{"name":"(anonymous_3)","decl":{"start":{"line":34,"column":38},"end":{"line":34,"column":39}},"loc":{"start":{"line":34,"column":62},"end":{"line":37,"column":5}},"line":34},"4":{"name":"(anonymous_4)","decl":{"start":{"line":44,"column":31},"end":{"line":44,"column":32}},"loc":{"start":{"line":44,"column":55},"end":{"line":55,"column":7}},"line":44},"5":{"name":"(anonymous_5)","decl":{"start":{"line":46,"column":59},"end":{"line":46,"column":60}},"loc":{"start":{"line":46,"column":63},"end":{"line":46,"column":84}},"line":46},"6":{"name":"(anonymous_6)","decl":{"start":{"line":67,"column":16},"end":{"line":67,"column":17}},"loc":{"start":{"line":67,"column":22},"end":{"line":67,"column":49}},"line":67}},"branchMap":{"0":{"loc":{"start":{"line":56,"column":7},"end":{"line":62,"column":15}},"type":"binary-expr","locations":[{"start":{"line":56,"column":7},"end":{"line":56,"column":16}},{"start":{"line":56,"column":21},"end":{"line":62,"column":14}}],"line":56}},"s":{"0":0,"1":0,"2":0,"3":0,"4":0,"5":0,"6":0,"7":0,"8":0,"9":0,"10":0,"11":0,"12":0,"13":0,"14":0,"15":0},"f":{"0":0,"1":0,"2":0,"3":0,"4":0,"5":0,"6":0},"b":{"0":[0,0]},"_coverageSchema":"1a1c01bbd47fc00a2c39e90264f33305004495a9","hash":"a3777ab997b3cdec8d15eaa8ffce3772e1ff98ce"}
,"C:\\Users\\user\\OneDrive\\Desktop\\2022-2\\secondteam10\\frontend\\src\\components\\ReviewComponents\\ReviewModal\\ReviewModal.tsx": {"path":"C:\\Users\\user\\OneDrive\\Desktop\\2022-2\\secondteam10\\frontend\\src\\components\\ReviewComponents\\ReviewModal\\ReviewModal.tsx","statementMap":{"0":{"start":{"line":13,"column":4},"end":{"line":24,"column":11}},"1":{"start":{"line":14,"column":8},"end":{"line":18,"column":22}},"2":{"start":{"line":19,"column":8},"end":{"line":23,"column":10}},"3":{"start":{"line":20,"column":28},"end":{"line":20,"column":51}},"4":{"start":{"line":21,"column":12},"end":{"line":21,"column":45}},"5":{"start":{"line":22,"column":12},"end":{"line":22,"column":66}},"6":{"start":{"line":27,"column":8},"end":{"line":27,"column":29}},"7":{"start":{"line":30,"column":4},"end":{"line":39,"column":6}},"8":{"start":{"line":32,"column":55},"end":{"line":32,"column":74}}},"fnMap":{"0":{"name":"Modal","decl":{"start":{"line":9,"column":9},"end":{"line":9,"column":14}},"loc":{"start":{"line":12,"column":40},"end":{"line":40,"column":1}},"line":12},"1":{"name":"(anonymous_1)","decl":{"start":{"line":13,"column":14},"end":{"line":13,"column":15}},"loc":{"start":{"line":13,"column":20},"end":{"line":24,"column":5}},"line":13},"2":{"name":"(anonymous_2)","decl":{"start":{"line":19,"column":15},"end":{"line":19,"column":16}},"loc":{"start":{"line":19,"column":21},"end":{"line":23,"column":9}},"line":19},"3":{"name":"closeModal","decl":{"start":{"line":26,"column":13},"end":{"line":26,"column":23}},"loc":{"start":{"line":26,"column":26},"end":{"line":28,"column":5}},"line":26},"4":{"name":"(anonymous_4)","decl":{"start":{"line":32,"column":48},"end":{"line":32,"column":49}},"loc":{"start":{"line":32,"column":55},"end":{"line":32,"column":74}},"line":32}},"branchMap":{"0":{"loc":{"start":{"line":22,"column":40},"end":{"line":22,"column":54}},"type":"binary-expr","locations":[{"start":{"line":22,"column":40},"end":{"line":22,"column":47}},{"start":{"line":22,"column":51},"end":{"line":22,"column":54}}],"line":22}},"s":{"0":0,"1":0,"2":0,"3":0,"4":0,"5":0,"6":0,"7":0,"8":0},"f":{"0":0,"1":0,"2":0,"3":0,"4":0},"b":{"0":[0,0]},"_coverageSchema":"1a1c01bbd47fc00a2c39e90264f33305004495a9","hash":"f4d7fb586124e0423c4e9e39c6ce969649d26bb0"}
,"C:\\Users\\user\\OneDrive\\Desktop\\2022-2\\secondteam10\\frontend\\src\\store\\index.ts": {"path":"C:\\Users\\user\\OneDrive\\Desktop\\2022-2\\secondteam10\\frontend\\src\\store\\index.ts","statementMap":{"0":{"start":{"line":7,"column":0},"end":{"line":7,"column":43}},"1":{"start":{"line":8,"column":0},"end":{"line":8,"column":45}},"2":{"start":{"line":9,"column":0},"end":{"line":9,"column":37}},"3":{"start":{"line":11,"column":21},"end":{"line":17,"column":2}}},"fnMap":{},"branchMap":{},"s":{"0":1,"1":1,"2":1,"3":1},"f":{},"b":{},"_coverageSchema":"1a1c01bbd47fc00a2c39e90264f33305004495a9","hash":"d5e86c1432b2ad7e26df86d1b5b58cf2a9529f6e"}
,"C:\\Users\\user\\OneDrive\\Desktop\\2022-2\\secondteam10\\frontend\\src\\store\\slices\\post.ts": {"path":"C:\\Users\\user\\OneDrive\\Desktop\\2022-2\\secondteam10\\frontend\\src\\store\\slices\\post.ts","statementMap":{"0":{"start":{"line":42,"column":32},"end":{"line":45,"column":1}},"1":{"start":{"line":47,"column":24},"end":{"line":52,"column":2}},"2":{"start":{"line":48,"column":18},"end":{"line":48,"column":60}},"3":{"start":{"line":51,"column":1},"end":{"line":51,"column":21}},"4":{"start":{"line":54,"column":23},"end":{"line":60,"column":1}},"5":{"start":{"line":57,"column":19},"end":{"line":57,"column":55}},"6":{"start":{"line":58,"column":2},"end":{"line":58,"column":30}},"7":{"start":{"line":62,"column":26},"end":{"line":69,"column":1}},"8":{"start":{"line":65,"column":19},"end":{"line":65,"column":56}},"9":{"start":{"line":66,"column":2},"end":{"line":66,"column":46}},"10":{"start":{"line":67,"column":2},"end":{"line":67,"column":22}},"11":{"start":{"line":71,"column":26},"end":{"line":77,"column":1}},"12":{"start":{"line":74,"column":2},"end":{"line":74,"column":41}},"13":{"start":{"line":75,"column":2},"end":{"line":75,"column":52}},"14":{"start":{"line":79,"column":24},"end":{"line":100,"column":1}},"15":{"start":{"line":82,"column":19},"end":{"line":82,"column":66}},"16":{"start":{"line":83,"column":2},"end":{"line":97,"column":3}},"17":{"start":{"line":98,"column":2},"end":{"line":98,"column":22}},"18":{"start":{"line":102,"column":25},"end":{"line":195,"column":2}},"19":{"start":{"line":122,"column":16},"end":{"line":124,"column":4}},"20":{"start":{"line":123,"column":25},"end":{"line":123,"column":61}},"21":{"start":{"line":125,"column":3},"end":{"line":136,"column":4}},"22":{"start":{"line":126,"column":4},"end":{"line":126,"column":35}},"23":{"start":{"line":127,"column":4},"end":{"line":127,"column":49}},"24":{"start":{"line":128,"column":4},"end":{"line":128,"column":45}},"25":{"start":{"line":129,"column":4},"end":{"line":129,"column":37}},"26":{"start":{"line":130,"column":4},"end":{"line":130,"column":49}},"27":{"start":{"line":131,"column":4},"end":{"line":131,"column":41}},"28":{"start":{"line":132,"column":4},"end":{"line":132,"column":47}},"29":{"start":{"line":133,"column":4},"end":{"line":133,"column":33}},"30":{"start":{"line":134,"column":4},"end":{"line":134,"column":39}},"31":{"start":{"line":135,"column":4},"end":{"line":135,"column":41}},"32":{"start":{"line":139,"column":19},"end":{"line":141,"column":5}},"33":{"start":{"line":140,"column":4},"end":{"line":140,"column":46}},"34":{"start":{"line":142,"column":3},"end":{"line":142,"column":24}},"35":{"start":{"line":162,"column":19},"end":{"line":178,"column":4}},"36":{"start":{"line":179,"column":3},"end":{"line":179,"column":28}},"37":{"start":{"line":184,"column":2},"end":{"line":187,"column":4}},"38":{"start":{"line":186,"column":3},"end":{"line":186,"column":31}},"39":{"start":{"line":188,"column":2},"end":{"line":190,"column":4}},"40":{"start":{"line":189,"column":3},"end":{"line":189,"column":38}},"41":{"start":{"line":191,"column":2},"end":{"line":193,"column":4}},"42":{"start":{"line":192,"column":3},"end":{"line":192,"column":30}},"43":{"start":{"line":197,"column":27},"end":{"line":197,"column":44}},"44":{"start":{"line":198,"column":26},"end":{"line":198,"column":58}},"45":{"start":{"line":198,"column":48},"end":{"line":198,"column":58}}},"fnMap":{"0":{"name":"(anonymous_0)","decl":{"start":{"line":47,"column":58},"end":{"line":47,"column":59}},"loc":{"start":{"line":47,"column":70},"end":{"line":52,"column":1}},"line":47},"1":{"name":"(anonymous_1)","decl":{"start":{"line":56,"column":1},"end":{"line":56,"column":2}},"loc":{"start":{"line":56,"column":45},"end":{"line":59,"column":2}},"line":56},"2":{"name":"(anonymous_2)","decl":{"start":{"line":64,"column":1},"end":{"line":64,"column":2}},"loc":{"start":{"line":64,"column":41},"end":{"line":68,"column":2}},"line":64},"3":{"name":"(anonymous_3)","decl":{"start":{"line":73,"column":1},"end":{"line":73,"column":2}},"loc":{"start":{"line":73,"column":45},"end":{"line":76,"column":2}},"line":73},"4":{"name":"(anonymous_4)","decl":{"start":{"line":81,"column":1},"end":{"line":81,"column":2}},"loc":{"start":{"line":81,"column":41},"end":{"line":99,"column":2}},"line":81},"5":{"name":"(anonymous_5)","decl":{"start":{"line":106,"column":12},"end":{"line":106,"column":13}},"loc":{"start":{"line":121,"column":7},"end":{"line":137,"column":3}},"line":121},"6":{"name":"(anonymous_6)","decl":{"start":{"line":123,"column":4},"end":{"line":123,"column":5}},"loc":{"start":{"line":123,"column":25},"end":{"line":123,"column":61}},"line":123},"7":{"name":"(anonymous_7)","decl":{"start":{"line":138,"column":14},"end":{"line":138,"column":15}},"loc":{"start":{"line":138,"column":70},"end":{"line":143,"column":3}},"line":138},"8":{"name":"(anonymous_8)","decl":{"start":{"line":139,"column":38},"end":{"line":139,"column":39}},"loc":{"start":{"line":139,"column":58},"end":{"line":141,"column":4}},"line":139},"9":{"name":"(anonymous_9)","decl":{"start":{"line":144,"column":11},"end":{"line":144,"column":12}},"loc":{"start":{"line":161,"column":7},"end":{"line":180,"column":3}},"line":161},"10":{"name":"(anonymous_10)","decl":{"start":{"line":182,"column":16},"end":{"line":182,"column":17}},"loc":{"start":{"line":182,"column":29},"end":{"line":194,"column":2}},"line":182},"11":{"name":"(anonymous_11)","decl":{"start":{"line":184,"column":38},"end":{"line":184,"column":39}},"loc":{"start":{"line":184,"column":57},"end":{"line":187,"column":3}},"line":184},"12":{"name":"(anonymous_12)","decl":{"start":{"line":188,"column":37},"end":{"line":188,"column":38}},"loc":{"start":{"line":188,"column":56},"end":{"line":190,"column":3}},"line":188},"13":{"name":"(anonymous_13)","decl":{"start":{"line":191,"column":39},"end":{"line":191,"column":40}},"loc":{"start":{"line":191,"column":59},"end":{"line":193,"column":3}},"line":191},"14":{"name":"(anonymous_14)","decl":{"start":{"line":198,"column":26},"end":{"line":198,"column":27}},"loc":{"start":{"line":198,"column":48},"end":{"line":198,"column":58}},"line":198}},"branchMap":{"0":{"loc":{"start":{"line":58,"column":9},"end":{"line":58,"column":30}},"type":"binary-expr","locations":[{"start":{"line":58,"column":9},"end":{"line":58,"column":22}},{"start":{"line":58,"column":26},"end":{"line":58,"column":30}}],"line":58},"1":{"loc":{"start":{"line":125,"column":3},"end":{"line":136,"column":4}},"type":"if","locations":[{"start":{"line":125,"column":3},"end":{"line":136,"column":4}},{"start":{},"end":{}}],"line":125}},"s":{"0":2,"1":2,"2":2,"3":1,"4":2,"5":2,"6":2,"7":2,"8":0,"9":0,"10":0,"11":2,"12":1,"13":1,"14":2,"15":0,"16":0,"17":0,"18":2,"19":0,"20":0,"21":0,"22":0,"23":0,"24":0,"25":0,"26":0,"27":0,"28":0,"29":0,"30":0,"31":0,"32":1,"33":1,"34":1,"35":0,"36":0,"37":2,"38":1,"39":2,"40":2,"41":2,"42":0,"43":2,"44":2,"45":1},"f":{"0":2,"1":2,"2":0,"3":1,"4":0,"5":0,"6":0,"7":1,"8":1,"9":0,"10":2,"11":1,"12":2,"13":0,"14":1},"b":{"0":[2,1],"1":[0,0]},"_coverageSchema":"1a1c01bbd47fc00a2c39e90264f33305004495a9","hash":"1bf16c3a422d6c8285fbbf7d18a75757033d7994"}
,"C:\\Users\\user\\OneDrive\\Desktop\\2022-2\\secondteam10\\frontend\\src\\store\\slices\\review.ts": {"path":"C:\\Users\\user\\OneDrive\\Desktop\\2022-2\\secondteam10\\frontend\\src\\store\\slices\\review.ts","statementMap":{"0":{"start":{"line":22,"column":34},"end":{"line":25,"column":1}},"1":{"start":{"line":27,"column":26},"end":{"line":30,"column":2}},"2":{"start":{"line":28,"column":18},"end":{"line":28,"column":64}},"3":{"start":{"line":29,"column":1},"end":{"line":29,"column":21}},"4":{"start":{"line":32,"column":25},"end":{"line":38,"column":1}},"5":{"start":{"line":35,"column":19},"end":{"line":35,"column":57}},"6":{"start":{"line":36,"column":2},"end":{"line":36,"column":30}},"7":{"start":{"line":40,"column":28},"end":{"line":50,"column":1}},"8":{"start":{"line":45,"column":2},"end":{"line":45,"column":30}},"9":{"start":{"line":46,"column":19},"end":{"line":46,"column":60}},"10":{"start":{"line":47,"column":2},"end":{"line":47,"column":50}},"11":{"start":{"line":48,"column":2},"end":{"line":48,"column":22}},"12":{"start":{"line":52,"column":28},"end":{"line":58,"column":1}},"13":{"start":{"line":55,"column":2},"end":{"line":55,"column":43}},"14":{"start":{"line":56,"column":2},"end":{"line":56,"column":56}},"15":{"start":{"line":60,"column":26},"end":{"line":76,"column":1}},"16":{"start":{"line":63,"column":19},"end":{"line":63,"column":72}},"17":{"start":{"line":64,"column":2},"end":{"line":73,"column":3}},"18":{"start":{"line":74,"column":2},"end":{"line":74,"column":22}},"19":{"start":{"line":78,"column":27},"end":{"line":148,"column":2}},"20":{"start":{"line":93,"column":18},"end":{"line":95,"column":4}},"21":{"start":{"line":94,"column":27},"end":{"line":94,"column":63}},"22":{"start":{"line":96,"column":3},"end":{"line":102,"column":4}},"23":{"start":{"line":97,"column":4},"end":{"line":97,"column":39}},"24":{"start":{"line":98,"column":4},"end":{"line":98,"column":43}},"25":{"start":{"line":99,"column":4},"end":{"line":99,"column":51}},"26":{"start":{"line":100,"column":4},"end":{"line":100,"column":43}},"27":{"start":{"line":101,"column":4},"end":{"line":101,"column":49}},"28":{"start":{"line":105,"column":19},"end":{"line":107,"column":5}},"29":{"start":{"line":106,"column":4},"end":{"line":106,"column":48}},"30":{"start":{"line":108,"column":3},"end":{"line":108,"column":26}},"31":{"start":{"line":123,"column":21},"end":{"line":133,"column":4}},"32":{"start":{"line":134,"column":3},"end":{"line":134,"column":32}},"33":{"start":{"line":138,"column":2},"end":{"line":140,"column":4}},"34":{"start":{"line":139,"column":3},"end":{"line":139,"column":33}},"35":{"start":{"line":141,"column":2},"end":{"line":143,"column":4}},"36":{"start":{"line":142,"column":3},"end":{"line":142,"column":40}},"37":{"start":{"line":144,"column":2},"end":{"line":146,"column":4}},"38":{"start":{"line":145,"column":3},"end":{"line":145,"column":30}},"39":{"start":{"line":150,"column":29},"end":{"line":150,"column":48}},"40":{"start":{"line":151,"column":28},"end":{"line":151,"column":62}},"41":{"start":{"line":151,"column":50},"end":{"line":151,"column":62}}},"fnMap":{"0":{"name":"(anonymous_0)","decl":{"start":{"line":27,"column":64},"end":{"line":27,"column":65}},"loc":{"start":{"line":27,"column":76},"end":{"line":30,"column":1}},"line":27},"1":{"name":"(anonymous_1)","decl":{"start":{"line":34,"column":1},"end":{"line":34,"column":2}},"loc":{"start":{"line":34,"column":47},"end":{"line":37,"column":2}},"line":34},"2":{"name":"(anonymous_2)","decl":{"start":{"line":42,"column":1},"end":{"line":42,"column":2}},"loc":{"start":{"line":42,"column":43},"end":{"line":49,"column":2}},"line":42},"3":{"name":"(anonymous_3)","decl":{"start":{"line":54,"column":1},"end":{"line":54,"column":2}},"loc":{"start":{"line":54,"column":47},"end":{"line":57,"column":2}},"line":54},"4":{"name":"(anonymous_4)","decl":{"start":{"line":62,"column":1},"end":{"line":62,"column":2}},"loc":{"start":{"line":62,"column":45},"end":{"line":75,"column":2}},"line":62},"5":{"name":"(anonymous_5)","decl":{"start":{"line":82,"column":14},"end":{"line":82,"column":15}},"loc":{"start":{"line":92,"column":7},"end":{"line":103,"column":3}},"line":92},"6":{"name":"(anonymous_6)","decl":{"start":{"line":94,"column":4},"end":{"line":94,"column":5}},"loc":{"start":{"line":94,"column":27},"end":{"line":94,"column":63}},"line":94},"7":{"name":"(anonymous_7)","decl":{"start":{"line":104,"column":16},"end":{"line":104,"column":17}},"loc":{"start":{"line":104,"column":72},"end":{"line":109,"column":3}},"line":104},"8":{"name":"(anonymous_8)","decl":{"start":{"line":105,"column":40},"end":{"line":105,"column":41}},"loc":{"start":{"line":105,"column":64},"end":{"line":107,"column":4}},"line":105},"9":{"name":"(anonymous_9)","decl":{"start":{"line":110,"column":13},"end":{"line":110,"column":14}},"loc":{"start":{"line":122,"column":7},"end":{"line":135,"column":3}},"line":122},"10":{"name":"(anonymous_10)","decl":{"start":{"line":137,"column":16},"end":{"line":137,"column":17}},"loc":{"start":{"line":137,"column":29},"end":{"line":147,"column":2}},"line":137},"11":{"name":"(anonymous_11)","decl":{"start":{"line":138,"column":40},"end":{"line":138,"column":41}},"loc":{"start":{"line":138,"column":59},"end":{"line":140,"column":3}},"line":138},"12":{"name":"(anonymous_12)","decl":{"start":{"line":141,"column":39},"end":{"line":141,"column":40}},"loc":{"start":{"line":141,"column":58},"end":{"line":143,"column":3}},"line":141},"13":{"name":"(anonymous_13)","decl":{"start":{"line":144,"column":41},"end":{"line":144,"column":42}},"loc":{"start":{"line":144,"column":61},"end":{"line":146,"column":3}},"line":144},"14":{"name":"(anonymous_14)","decl":{"start":{"line":151,"column":28},"end":{"line":151,"column":29}},"loc":{"start":{"line":151,"column":50},"end":{"line":151,"column":62}},"line":151}},"branchMap":{"0":{"loc":{"start":{"line":36,"column":9},"end":{"line":36,"column":30}},"type":"binary-expr","locations":[{"start":{"line":36,"column":9},"end":{"line":36,"column":22}},{"start":{"line":36,"column":26},"end":{"line":36,"column":30}}],"line":36},"1":{"loc":{"start":{"line":96,"column":3},"end":{"line":102,"column":4}},"type":"if","locations":[{"start":{"line":96,"column":3},"end":{"line":102,"column":4}},{"start":{},"end":{}}],"line":96}},"s":{"0":2,"1":2,"2":1,"3":1,"4":2,"5":2,"6":2,"7":2,"8":0,"9":0,"10":0,"11":0,"12":2,"13":1,"14":1,"15":2,"16":1,"17":1,"18":1,"19":2,"20":1,"21":0,"22":1,"23":0,"24":0,"25":0,"26":0,"27":0,"28":1,"29":1,"30":1,"31":0,"32":0,"33":2,"34":1,"35":2,"36":2,"37":2,"38":0,"39":2,"40":2,"41":0},"f":{"0":1,"1":2,"2":0,"3":1,"4":1,"5":1,"6":0,"7":1,"8":1,"9":0,"10":2,"11":1,"12":2,"13":0,"14":0},"b":{"0":[2,1],"1":[0,1]},"_coverageSchema":"1a1c01bbd47fc00a2c39e90264f33305004495a9","hash":"2ec9e287ee316d31fbee86fb01ec49d8eb703de7"}
,"C:\\Users\\user\\OneDrive\\Desktop\\2022-2\\secondteam10\\frontend\\src\\store\\slices\\user.ts": {"path":"C:\\Users\\user\\OneDrive\\Desktop\\2022-2\\secondteam10\\frontend\\src\\store\\slices\\user.ts","statementMap":{"0":{"start":{"line":22,"column":32},"end":{"line":26,"column":1}},"1":{"start":{"line":28,"column":26},"end":{"line":35,"column":1}},"2":{"start":{"line":31,"column":19},"end":{"line":31,"column":73}},"3":{"start":{"line":32,"column":2},"end":{"line":32,"column":49}},"4":{"start":{"line":33,"column":2},"end":{"line":33,"column":22}},"5":{"start":{"line":37,"column":24},"end":{"line":40,"column":2}},"6":{"start":{"line":38,"column":18},"end":{"line":38,"column":59}},"7":{"start":{"line":39,"column":1},"end":{"line":39,"column":21}},"8":{"start":{"line":42,"column":23},"end":{"line":48,"column":1}},"9":{"start":{"line":45,"column":19},"end":{"line":45,"column":54}},"10":{"start":{"line":46,"column":2},"end":{"line":46,"column":22}},"11":{"start":{"line":67,"column":25},"end":{"line":90,"column":1}},"12":{"start":{"line":70,"column":2},"end":{"line":70,"column":32}},"13":{"start":{"line":71,"column":19},"end":{"line":80,"column":3}},"14":{"start":{"line":82,"column":2},"end":{"line":82,"column":50}},"15":{"start":{"line":83,"column":2},"end":{"line":83,"column":24}},"16":{"start":{"line":92,"column":26},"end":{"line":102,"column":1}},"17":{"start":{"line":98,"column":19},"end":{"line":98,"column":51}},"18":{"start":{"line":99,"column":2},"end":{"line":99,"column":52}},"19":{"start":{"line":100,"column":2},"end":{"line":100,"column":32}},"20":{"start":{"line":104,"column":25},"end":{"line":145,"column":2}},"21":{"start":{"line":109,"column":16},"end":{"line":111,"column":4}},"22":{"start":{"line":110,"column":25},"end":{"line":110,"column":61}},"23":{"start":{"line":112,"column":3},"end":{"line":116,"column":4}},"24":{"start":{"line":113,"column":4},"end":{"line":113,"column":36}},"25":{"start":{"line":114,"column":4},"end":{"line":114,"column":28}},"26":{"start":{"line":115,"column":4},"end":{"line":115,"column":26}},"27":{"start":{"line":119,"column":3},"end":{"line":129,"column":4}},"28":{"start":{"line":123,"column":17},"end":{"line":125,"column":5}},"29":{"start":{"line":124,"column":26},"end":{"line":124,"column":62}},"30":{"start":{"line":126,"column":4},"end":{"line":126,"column":54}},"31":{"start":{"line":126,"column":22},"end":{"line":126,"column":54}},"32":{"start":{"line":127,"column":4},"end":{"line":127,"column":28}},"33":{"start":{"line":128,"column":4},"end":{"line":128,"column":27}},"34":{"start":{"line":132,"column":3},"end":{"line":132,"column":45}},"35":{"start":{"line":137,"column":2},"end":{"line":140,"column":4}},"36":{"start":{"line":139,"column":3},"end":{"line":139,"column":31}},"37":{"start":{"line":141,"column":2},"end":{"line":143,"column":4}},"38":{"start":{"line":142,"column":3},"end":{"line":142,"column":45}},"39":{"start":{"line":147,"column":27},"end":{"line":147,"column":44}},"40":{"start":{"line":148,"column":26},"end":{"line":148,"column":69}},"41":{"start":{"line":148,"column":59},"end":{"line":148,"column":69}}},"fnMap":{"0":{"name":"(anonymous_0)","decl":{"start":{"line":30,"column":1},"end":{"line":30,"column":2}},"loc":{"start":{"line":30,"column":28},"end":{"line":34,"column":2}},"line":30},"1":{"name":"(anonymous_1)","decl":{"start":{"line":37,"column":58},"end":{"line":37,"column":59}},"loc":{"start":{"line":37,"column":70},"end":{"line":40,"column":1}},"line":37},"2":{"name":"(anonymous_2)","decl":{"start":{"line":44,"column":1},"end":{"line":44,"column":2}},"loc":{"start":{"line":44,"column":31},"end":{"line":47,"column":2}},"line":44},"3":{"name":"(anonymous_3)","decl":{"start":{"line":69,"column":1},"end":{"line":69,"column":2}},"loc":{"start":{"line":69,"column":50},"end":{"line":89,"column":2}},"line":69},"4":{"name":"(anonymous_4)","decl":{"start":{"line":94,"column":1},"end":{"line":94,"column":2}},"loc":{"start":{"line":94,"column":45},"end":{"line":101,"column":2}},"line":94},"5":{"name":"(anonymous_5)","decl":{"start":{"line":108,"column":13},"end":{"line":108,"column":14}},"loc":{"start":{"line":108,"column":69},"end":{"line":117,"column":3}},"line":108},"6":{"name":"(anonymous_6)","decl":{"start":{"line":110,"column":4},"end":{"line":110,"column":5}},"loc":{"start":{"line":110,"column":25},"end":{"line":110,"column":61}},"line":110},"7":{"name":"(anonymous_7)","decl":{"start":{"line":118,"column":14},"end":{"line":118,"column":15}},"loc":{"start":{"line":118,"column":70},"end":{"line":130,"column":3}},"line":118},"8":{"name":"(anonymous_8)","decl":{"start":{"line":124,"column":5},"end":{"line":124,"column":6}},"loc":{"start":{"line":124,"column":26},"end":{"line":124,"column":62}},"line":124},"9":{"name":"(anonymous_9)","decl":{"start":{"line":131,"column":14},"end":{"line":131,"column":15}},"loc":{"start":{"line":131,"column":72},"end":{"line":133,"column":3}},"line":131},"10":{"name":"(anonymous_10)","decl":{"start":{"line":135,"column":16},"end":{"line":135,"column":17}},"loc":{"start":{"line":135,"column":29},"end":{"line":144,"column":2}},"line":135},"11":{"name":"(anonymous_11)","decl":{"start":{"line":137,"column":38},"end":{"line":137,"column":39}},"loc":{"start":{"line":137,"column":57},"end":{"line":140,"column":3}},"line":137},"12":{"name":"(anonymous_12)","decl":{"start":{"line":141,"column":40},"end":{"line":141,"column":41}},"loc":{"start":{"line":141,"column":59},"end":{"line":143,"column":3}},"line":141},"13":{"name":"(anonymous_13)","decl":{"start":{"line":148,"column":26},"end":{"line":148,"column":27}},"loc":{"start":{"line":148,"column":59},"end":{"line":148,"column":69}},"line":148}},"branchMap":{"0":{"loc":{"start":{"line":112,"column":3},"end":{"line":116,"column":4}},"type":"if","locations":[{"start":{"line":112,"column":3},"end":{"line":116,"column":4}},{"start":{},"end":{}}],"line":112},"1":{"loc":{"start":{"line":119,"column":3},"end":{"line":129,"column":4}},"type":"if","locations":[{"start":{"line":119,"column":3},"end":{"line":129,"column":4}},{"start":{},"end":{}}],"line":119},"2":{"loc":{"start":{"line":120,"column":4},"end":{"line":121,"column":52}},"type":"binary-expr","locations":[{"start":{"line":120,"column":4},"end":{"line":120,"column":29}},{"start":{"line":121,"column":4},"end":{"line":121,"column":52}}],"line":120},"3":{"loc":{"start":{"line":126,"column":4},"end":{"line":126,"column":54}},"type":"if","locations":[{"start":{"line":126,"column":4},"end":{"line":126,"column":54}},{"start":{},"end":{}}],"line":126}},"s":{"0":4,"1":4,"2":2,"3":1,"4":1,"5":4,"6":1,"7":1,"8":4,"9":1,"10":1,"11":4,"12":1,"13":1,"14":0,"15":0,"16":4,"17":1,"18":1,"19":1,"20":4,"21":0,"22":0,"23":0,"24":0,"25":0,"26":0,"27":1,"28":0,"29":0,"30":0,"31":0,"32":0,"33":0,"34":1,"35":2,"36":2,"37":2,"38":1,"39":4,"40":4,"41":2},"f":{"0":2,"1":1,"2":1,"3":1,"4":1,"5":0,"6":0,"7":1,"8":0,"9":1,"10":2,"11":2,"12":1,"13":2},"b":{"0":[0,0],"1":[0,1],"2":[1,0],"3":[0,0]},"_coverageSchema":"1a1c01bbd47fc00a2c39e90264f33305004495a9","hash":"5849d491a77658ce1e75b428f7bf623a9c27d864"}
}
