TN:
SF:src\App.tsx
FN:12,App
FNF:1
FNH:1
FNDA:1,App
DA:13,1
LF:1
LH:1
BRF:0
BRH:0
end_of_record
TN:
SF:src\components\Footer\Footer.tsx
FN:12,Footer
FNF:1
FNH:1
FNDA:2,Footer
DA:13,2
LF:1
LH:1
BRF:0
BRH:0
end_of_record
TN:
SF:src\components\Header\Header.tsx
FN:12,Header
FN:26,(anonymous_1)
FN:35,(anonymous_2)
FN:44,(anonymous_3)
FN:55,(anonymous_4)
FN:64,(anonymous_5)
FNF:6
FNH:1
FNDA:6,Header
FNDA:0,(anonymous_1)
FNDA:0,(anonymous_2)
FNDA:0,(anonymous_3)
FNDA:0,(anonymous_4)
FNDA:0,(anonymous_5)
DA:13,6
DA:14,1
DA:16,1
DA:27,0
DA:28,0
DA:36,0
DA:37,0
DA:45,0
DA:46,0
DA:56,0
DA:57,0
DA:65,0
LF:12
LH:3
BRF:0
BRH:0
end_of_record
TN:
SF:src\components\Header\Dropdown\Dropdown.tsx
FN:16,Dropdown
FN:21,(anonymous_1)
FN:25,(anonymous_2)
FN:26,(anonymous_3)
FN:37,(anonymous_4)
FN:46,(anonymous_5)
FN:55,(anonymous_6)
FN:68,(anonymous_7)
FN:77,(anonymous_8)
FNF:9
FNH:2
FNDA:6,Dropdown
FNDA:1,(anonymous_1)
FNDA:0,(anonymous_2)
FNDA:0,(anonymous_3)
FNDA:0,(anonymous_4)
FNDA:0,(anonymous_5)
FNDA:0,(anonymous_6)
FNDA:0,(anonymous_7)
FNDA:0,(anonymous_8)
DA:17,6
DA:18,1
DA:19,1
DA:21,1
DA:22,1
DA:25,1
DA:26,0
DA:29,1
DA:38,0
DA:39,0
DA:47,0
DA:48,0
DA:56,0
DA:57,0
DA:58,0
DA:69,0
DA:70,0
DA:78,0
DA:79,0
LF:19
LH:7
BRDA:31,0,0,1
BRDA:31,0,1,0
BRDA:33,1,0,0
BRDA:33,1,1,0
BRF:4
BRH:1
end_of_record
TN:
SF:src\components\Layout\Layout.tsx
FN:14,Layout
FNF:1
FNH:1
FNDA:1,Layout
DA:15,1
DA:16,1
LF:2
LH:2
BRDA:22,0,0,0
BRDA:22,0,1,1
BRF:2
BRH:1
end_of_record
TN:
SF:src\components\Layout\ScrollToTop.tsx
FN:4,ScrollToTop
FN:7,(anonymous_1)
FNF:2
FNH:2
FNDA:1,ScrollToTop
FNDA:1,(anonymous_1)
DA:5,1
DA:7,1
DA:8,1
DA:11,1
LF:4
LH:4
BRF:0
BRH:0
end_of_record
TN:
SF:src\components\Login\Login.tsx
FN:19,LogIn
FN:32,(anonymous_1)
FN:34,(anonymous_2)
FN:46,(anonymous_3)
FN:54,(anonymous_4)
FN:58,(anonymous_5)
FN:93,(anonymous_6)
FN:102,(anonymous_7)
FN:109,(anonymous_8)
FNF:9
FNH:0
FNDA:0,LogIn
FNDA:0,(anonymous_1)
FNDA:0,(anonymous_2)
FNDA:0,(anonymous_3)
FNDA:0,(anonymous_4)
FNDA:0,(anonymous_5)
FNDA:0,(anonymous_6)
FNDA:0,(anonymous_7)
FNDA:0,(anonymous_8)
DA:20,0
DA:21,0
DA:23,0
DA:24,0
DA:25,0
DA:32,0
DA:34,0
DA:35,0
DA:37,0
DA:46,0
DA:47,0
DA:52,0
DA:55,0
DA:59,0
DA:60,0
DA:61,0
DA:62,0
DA:80,0
DA:94,0
DA:103,0
DA:110,0
DA:112,0
LF:22
LH:0
BRDA:37,0,0,0
BRDA:37,0,1,0
BRF:2
BRH:0
end_of_record
TN:
SF:src\components\PostComponents\Post\Post.tsx
FN:16,(anonymous_0)
FNF:1
FNH:1
FNDA:1,(anonymous_0)
DA:16,2
DA:17,1
LF:2
LH:2
BRDA:30,0,0,1
BRDA:30,0,1,0
BRF:2
BRH:1
end_of_record
TN:
SF:src\components\PostComponents\PostCreate\PostCreate.tsx
FN:23,PostCreate
FN:51,(anonymous_1)
FN:61,(anonymous_2)
FN:68,(anonymous_3)
FN:92,(anonymous_4)
FN:95,(anonymous_5)
FN:99,(anonymous_6)
FN:147,(anonymous_7)
FN:169,(anonymous_8)
FN:182,(anonymous_9)
FN:202,(anonymous_10)
FN:217,(anonymous_11)
FN:228,(anonymous_12)
FN:241,(anonymous_13)
FN:254,(anonymous_14)
FN:267,(anonymous_15)
FN:280,(anonymous_16)
FNF:17
FNH:0
FNDA:0,PostCreate
FNDA:0,(anonymous_1)
FNDA:0,(anonymous_2)
FNDA:0,(anonymous_3)
FNDA:0,(anonymous_4)
FNDA:0,(anonymous_5)
FNDA:0,(anonymous_6)
FNDA:0,(anonymous_7)
FNDA:0,(anonymous_8)
FNDA:0,(anonymous_9)
FNDA:0,(anonymous_10)
FNDA:0,(anonymous_11)
FNDA:0,(anonymous_12)
FNDA:0,(anonymous_13)
FNDA:0,(anonymous_14)
FNDA:0,(anonymous_15)
FNDA:0,(anonymous_16)
DA:24,0
DA:25,0
DA:26,0
DA:27,0
DA:28,0
DA:29,0
DA:30,0
DA:31,0
DA:32,0
DA:33,0
DA:35,0
DA:36,0
DA:37,0
DA:39,0
DA:51,0
DA:52,0
DA:53,0
DA:54,0
DA:61,0
DA:62,0
DA:63,0
DA:64,0
DA:65,0
DA:68,0
DA:69,0
DA:71,0
DA:73,0
DA:74,0
DA:76,0
DA:90,0
DA:91,0
DA:92,0
DA:94,0
DA:96,0
DA:97,0
DA:100,0
DA:101,0
DA:114,0
DA:141,0
DA:148,0
DA:149,0
DA:170,0
DA:183,0
DA:202,0
DA:217,0
DA:229,0
DA:241,0
DA:254,0
DA:267,0
DA:281,0
LF:50
LH:0
BRDA:53,0,0,0
BRDA:53,0,1,0
BRDA:63,1,0,0
BRDA:63,1,1,0
BRDA:69,2,0,0
BRDA:69,2,1,0
BRDA:71,3,0,0
BRDA:71,3,1,0
BRDA:74,4,0,0
BRDA:74,4,1,0
BRDA:74,5,0,0
BRDA:74,5,1,0
BRDA:74,5,2,0
BRDA:213,6,0,0
BRDA:213,6,1,0
BRF:15
BRH:0
end_of_record
TN:
SF:src\components\PostComponents\PostDetail\PostDetail.tsx
FN:23,(anonymous_0)
FN:30,(anonymous_1)
FN:72,(anonymous_2)
FN:88,(anonymous_3)
FN:96,(anonymous_4)
FNF:5
FNH:0
FNDA:0,(anonymous_0)
FNDA:0,(anonymous_1)
FNDA:0,(anonymous_2)
FNDA:0,(anonymous_3)
FNDA:0,(anonymous_4)
DA:23,1
DA:24,0
DA:25,0
DA:26,0
DA:27,0
DA:28,0
DA:30,0
DA:31,0
DA:32,0
DA:33,0
DA:36,0
DA:73,0
DA:89,0
DA:97,0
DA:98,0
LF:15
LH:1
BRDA:32,0,0,0
BRDA:32,0,1,0
BRDA:47,1,0,0
BRDA:47,1,1,0
BRDA:54,2,0,0
BRDA:54,2,1,0
BRDA:60,3,0,0
BRDA:60,3,1,0
BRDA:83,4,0,0
BRDA:83,4,1,0
BRF:10
BRH:0
end_of_record
TN:
SF:src\components\PostComponents\PostEdit\PostEdit.tsx
FN:29,PostCreate
FN:47,(anonymous_1)
FN:49,(anonymous_2)
FN:66,(anonymous_3)
FN:74,(anonymous_4)
FN:134,(anonymous_5)
FN:156,(anonymous_6)
FN:169,(anonymous_7)
FN:189,(anonymous_8)
FN:204,(anonymous_9)
FN:215,(anonymous_10)
FN:228,(anonymous_11)
FN:241,(anonymous_12)
FN:254,(anonymous_13)
FN:267,(anonymous_14)
FNF:15
FNH:0
FNDA:0,PostCreate
FNDA:0,(anonymous_1)
FNDA:0,(anonymous_2)
FNDA:0,(anonymous_3)
FNDA:0,(anonymous_4)
FNDA:0,(anonymous_5)
FNDA:0,(anonymous_6)
FNDA:0,(anonymous_7)
FNDA:0,(anonymous_8)
FNDA:0,(anonymous_9)
FNDA:0,(anonymous_10)
FNDA:0,(anonymous_11)
FNDA:0,(anonymous_12)
FNDA:0,(anonymous_13)
FNDA:0,(anonymous_14)
DA:30,0
DA:32,0
DA:33,0
DA:34,0
DA:35,0
DA:36,0
DA:37,0
DA:38,0
DA:39,0
DA:40,0
DA:41,0
DA:43,0
DA:44,0
DA:45,0
DA:47,0
DA:48,0
DA:49,0
DA:50,0
DA:52,0
DA:53,0
DA:54,0
DA:55,0
DA:56,0
DA:57,0
DA:58,0
DA:59,0
DA:60,0
DA:61,0
DA:62,0
DA:66,0
DA:67,0
DA:68,0
DA:69,0
DA:74,0
DA:77,0
DA:78,0
DA:79,0
DA:92,0
DA:101,0
DA:128,0
DA:135,0
DA:136,0
DA:157,0
DA:170,0
DA:189,0
DA:204,0
DA:216,0
DA:228,0
DA:241,0
DA:254,0
DA:268,0
LF:51
LH:0
BRDA:52,0,0,0
BRDA:52,0,1,0
BRDA:58,1,0,0
BRDA:58,1,1,0
BRDA:59,2,0,0
BRDA:59,2,1,0
BRDA:60,3,0,0
BRDA:60,3,1,0
BRDA:85,4,0,0
BRDA:85,4,1,0
BRDA:86,5,0,0
BRDA:86,5,1,0
BRDA:87,6,0,0
BRDA:87,6,1,0
BRDA:200,7,0,0
BRDA:200,7,1,0
BRF:16
BRH:0
end_of_record
TN:
SF:src\components\PostComponents\PostHeader\PostHeader.tsx
FN:20,(anonymous_0)
FN:54,(anonymous_1)
FN:95,(anonymous_2)
FNF:3
FNH:0
FNDA:0,(anonymous_0)
FNDA:0,(anonymous_1)
FNDA:0,(anonymous_2)
DA:20,1
DA:21,0
DA:22,0
DA:24,0
DA:26,0
DA:55,0
DA:96,0
LF:7
LH:1
BRDA:34,0,0,0
BRDA:34,0,1,0
BRDA:41,1,0,0
BRDA:41,1,1,0
BRDA:58,2,0,0
BRDA:58,2,1,0
BRDA:88,3,0,0
BRDA:88,3,1,0
BRF:8
BRH:0
end_of_record
TN:
SF:src\components\PostComponents\PostList\PostList.tsx
FN:16,PostList
FN:22,(anonymous_1)
FN:57,(anonymous_2)
FN:68,(anonymous_3)
FN:78,(anonymous_4)
FNF:5
FNH:2
FNDA:1,PostList
FNDA:1,(anonymous_1)
FNDA:0,(anonymous_2)
FNDA:0,(anonymous_3)
FNDA:0,(anonymous_4)
DA:17,1
DA:19,1
DA:20,1
DA:22,1
DA:24,1
DA:27,1
DA:58,0
DA:69,0
DA:78,0
LF:9
LH:6
BRF:0
BRH:0
end_of_record
TN:
SF:src\components\ReviewComponents\Review\Review.tsx
FN:11,(anonymous_0)
FNF:1
FNH:1
FNDA:1,(anonymous_0)
DA:11,2
DA:12,1
LF:2
LH:2
BRF:0
BRH:0
end_of_record
TN:
SF:src\components\ReviewComponents\ReviewCreate\ReviewCreate.tsx
FN:19,ReviewCreate
FN:31,(anonymous_1)
FN:36,(anonymous_2)
FN:52,(anonymous_3)
FN:54,(anonymous_4)
FN:57,(anonymous_5)
FN:73,(anonymous_6)
FN:97,(anonymous_7)
FN:111,(anonymous_8)
FN:140,(anonymous_9)
FNF:10
FNH:0
FNDA:0,ReviewCreate
FNDA:0,(anonymous_1)
FNDA:0,(anonymous_2)
FNDA:0,(anonymous_3)
FNDA:0,(anonymous_4)
FNDA:0,(anonymous_5)
FNDA:0,(anonymous_6)
FNDA:0,(anonymous_7)
FNDA:0,(anonymous_8)
FNDA:0,(anonymous_9)
DA:20,0
DA:21,0
DA:22,0
DA:24,0
DA:25,0
DA:26,0
DA:31,0
DA:32,0
DA:33,0
DA:36,0
DA:37,0
DA:38,0
DA:39,0
DA:40,0
DA:42,0
DA:43,0
DA:44,0
DA:46,0
DA:47,0
DA:49,0
DA:50,0
DA:51,0
DA:52,0
DA:53,0
DA:55,0
DA:58,0
DA:59,0
DA:67,0
DA:74,0
DA:75,0
DA:98,0
DA:112,0
DA:141,0
LF:33
LH:0
BRDA:33,0,0,0
BRDA:33,0,1,0
BRDA:38,1,0,0
BRDA:38,1,1,0
BRDA:46,2,0,0
BRDA:46,2,1,0
BRDA:47,3,0,0
BRDA:47,3,1,0
BRDA:153,4,0,0
BRDA:153,4,1,0
BRF:10
BRH:0
end_of_record
TN:
SF:src\components\ReviewComponents\ReviewDetail\ReviewDetail.tsx
FN:11,(anonymous_0)
FN:16,(anonymous_1)
FNF:2
FNH:0
FNDA:0,(anonymous_0)
FNDA:0,(anonymous_1)
DA:11,1
DA:12,0
DA:17,0
LF:3
LH:1
BRF:0
BRH:0
end_of_record
TN:
SF:src\components\ReviewComponents\ReviewList\ReviewList.tsx
FN:19,ReviewList
FN:25,(anonymous_1)
FN:30,(anonymous_2)
FN:34,(anonymous_3)
FN:44,(anonymous_4)
FN:46,(anonymous_5)
FN:67,(anonymous_6)
FNF:7
FNH:0
FNDA:0,ReviewList
FNDA:0,(anonymous_1)
FNDA:0,(anonymous_2)
FNDA:0,(anonymous_3)
FNDA:0,(anonymous_4)
FNDA:0,(anonymous_5)
FNDA:0,(anonymous_6)
DA:20,0
DA:22,0
DA:23,0
DA:25,0
DA:26,0
DA:29,0
DA:30,0
DA:31,0
DA:33,0
DA:34,0
DA:35,0
DA:36,0
DA:39,0
DA:45,0
DA:46,0
DA:67,0
LF:16
LH:0
BRDA:56,0,0,0
BRDA:56,0,1,0
BRF:2
BRH:0
end_of_record
TN:
SF:src\components\ReviewComponents\ReviewModal\ReviewModal.tsx
FN:9,Modal
FN:13,(anonymous_1)
FN:19,(anonymous_2)
FN:26,closeModal
FN:32,(anonymous_4)
FNF:5
FNH:0
FNDA:0,Modal
FNDA:0,(anonymous_1)
FNDA:0,(anonymous_2)
FNDA:0,closeModal
FNDA:0,(anonymous_4)
DA:13,0
DA:14,0
DA:19,0
DA:20,0
DA:21,0
DA:22,0
DA:27,0
DA:30,0
DA:32,0
LF:9
LH:0
BRDA:22,0,0,0
BRDA:22,0,1,0
BRF:2
BRH:0
end_of_record
TN:
SF:src\store\index.ts
FNF:0
FNH:0
DA:7,1
DA:8,1
DA:9,1
DA:11,1
LF:4
LH:4
BRF:0
BRH:0
end_of_record
TN:
SF:src\store\slices\post.ts
FN:47,(anonymous_0)
FN:56,(anonymous_1)
FN:64,(anonymous_2)
FN:73,(anonymous_3)
FN:81,(anonymous_4)
FN:106,(anonymous_5)
FN:123,(anonymous_6)
FN:138,(anonymous_7)
FN:139,(anonymous_8)
FN:144,(anonymous_9)
FN:182,(anonymous_10)
FN:184,(anonymous_11)
FN:188,(anonymous_12)
FN:191,(anonymous_13)
FN:198,(anonymous_14)
FNF:15
FNH:9
FNDA:2,(anonymous_0)
FNDA:2,(anonymous_1)
FNDA:0,(anonymous_2)
FNDA:1,(anonymous_3)
FNDA:0,(anonymous_4)
FNDA:0,(anonymous_5)
FNDA:0,(anonymous_6)
FNDA:1,(anonymous_7)
FNDA:1,(anonymous_8)
FNDA:0,(anonymous_9)
FNDA:2,(anonymous_10)
FNDA:1,(anonymous_11)
FNDA:2,(anonymous_12)
FNDA:0,(anonymous_13)
FNDA:1,(anonymous_14)
DA:42,2
DA:47,2
DA:48,2
DA:51,1
DA:54,2
DA:57,2
DA:58,2
DA:62,2
DA:65,0
DA:66,0
DA:67,0
DA:71,2
DA:74,1
DA:75,1
DA:79,2
DA:82,0
DA:83,0
DA:98,0
DA:102,2
DA:122,0
DA:123,0
DA:125,0
DA:126,0
DA:127,0
DA:128,0
DA:129,0
DA:130,0
DA:131,0
DA:132,0
DA:133,0
DA:134,0
DA:135,0
DA:139,1
DA:140,1
DA:142,1
DA:162,0
DA:179,0
DA:184,2
DA:186,1
DA:188,2
DA:189,2
DA:191,2
DA:192,0
DA:197,2
DA:198,2
LF:45
LH:23
BRDA:58,0,0,2
BRDA:58,0,1,1
BRDA:125,1,0,0
BRDA:125,1,1,0
BRF:4
BRH:2
end_of_record
TN:
SF:src\store\slices\review.ts
FN:27,(anonymous_0)
FN:34,(anonymous_1)
FN:42,(anonymous_2)
FN:54,(anonymous_3)
FN:62,(anonymous_4)
FN:82,(anonymous_5)
FN:94,(anonymous_6)
FN:104,(anonymous_7)
FN:105,(anonymous_8)
FN:110,(anonymous_9)
FN:137,(anonymous_10)
FN:138,(anonymous_11)
FN:141,(anonymous_12)
FN:144,(anonymous_13)
FN:151,(anonymous_14)
FNF:15
FNH:10
FNDA:1,(anonymous_0)
FNDA:2,(anonymous_1)
FNDA:0,(anonymous_2)
FNDA:1,(anonymous_3)
FNDA:1,(anonymous_4)
FNDA:1,(anonymous_5)
FNDA:0,(anonymous_6)
FNDA:1,(anonymous_7)
FNDA:1,(anonymous_8)
FNDA:0,(anonymous_9)
FNDA:2,(anonymous_10)
FNDA:1,(anonymous_11)
FNDA:2,(anonymous_12)
FNDA:0,(anonymous_13)
FNDA:0,(anonymous_14)
DA:22,2
DA:27,2
DA:28,1
DA:29,1
DA:32,2
DA:35,2
DA:36,2
DA:40,2
DA:45,0
DA:46,0
DA:47,0
DA:48,0
DA:52,2
DA:55,1
DA:56,1
DA:60,2
DA:63,1
DA:64,1
DA:74,1
DA:78,2
DA:93,1
DA:94,0
DA:96,1
DA:97,0
DA:98,0
DA:99,0
DA:100,0
DA:101,0
DA:105,1
DA:106,1
DA:108,1
DA:123,0
DA:134,0
DA:138,2
DA:139,1
DA:141,2
DA:142,2
DA:144,2
DA:145,0
DA:150,2
DA:151,2
LF:41
LH:28
BRDA:36,0,0,2
BRDA:36,0,1,1
BRDA:96,1,0,0
BRDA:96,1,1,1
BRF:4
BRH:3
end_of_record
TN:
SF:src\store\slices\user.ts
FN:30,(anonymous_0)
FN:37,(anonymous_1)
FN:44,(anonymous_2)
FN:69,(anonymous_3)
FN:94,(anonymous_4)
FN:108,(anonymous_5)
FN:110,(anonymous_6)
FN:118,(anonymous_7)
FN:124,(anonymous_8)
FN:131,(anonymous_9)
FN:135,(anonymous_10)
FN:137,(anonymous_11)
FN:141,(anonymous_12)
FN:148,(anonymous_13)
FNF:14
FNH:11
FNDA:2,(anonymous_0)
FNDA:1,(anonymous_1)
FNDA:1,(anonymous_2)
FNDA:1,(anonymous_3)
FNDA:1,(anonymous_4)
FNDA:0,(anonymous_5)
FNDA:0,(anonymous_6)
FNDA:1,(anonymous_7)
FNDA:0,(anonymous_8)
FNDA:1,(anonymous_9)
FNDA:2,(anonymous_10)
FNDA:2,(anonymous_11)
FNDA:1,(anonymous_12)
FNDA:2,(anonymous_13)
DA:22,4
DA:28,4
DA:31,2
DA:32,1
DA:33,1
DA:37,4
DA:38,1
DA:39,1
DA:42,4
DA:45,1
DA:46,1
DA:67,4
DA:70,1
DA:71,1
DA:82,0
DA:83,0
DA:92,4
DA:98,1
DA:99,1
DA:100,1
DA:104,4
DA:109,0
DA:110,0
DA:112,0
DA:113,0
DA:114,0
DA:115,0
DA:119,1
DA:123,0
DA:124,0
DA:126,0
DA:127,0
DA:128,0
DA:132,1
DA:137,2
DA:139,2
DA:141,2
DA:142,1
DA:147,4
DA:148,4
LF:40
LH:27
BRDA:112,0,0,0
BRDA:112,0,1,0
BRDA:119,1,0,0
BRDA:119,1,1,1
BRDA:120,2,0,1
BRDA:120,2,1,0
BRDA:126,3,0,0
BRDA:126,3,1,0
BRF:8
BRH:2
end_of_record
