TN:
SF:src\App.tsx
FN:12,App
FNF:1
FNH:1
FNDA:1,App
DA:13,1
LF:1
LH:1
BRF:0
BRH:0
end_of_record
TN:
SF:src\components\Footer\Footer.tsx
FN:12,Footer
FNF:1
FNH:1
FNDA:13,Footer
DA:13,13
LF:1
LH:1
BRF:0
BRH:0
end_of_record
TN:
SF:src\components\Header\Header.tsx
FN:8,Header
FN:22,(anonymous_1)
FN:31,(anonymous_2)
FN:40,(anonymous_3)
FN:51,(anonymous_4)
FN:61,(anonymous_5)
FNF:6
FNH:6
FNDA:17,Header
FNDA:1,(anonymous_1)
FNDA:1,(anonymous_2)
FNDA:1,(anonymous_3)
FNDA:1,(anonymous_4)
FNDA:2,(anonymous_5)
DA:9,17
DA:10,17
DA:12,17
DA:23,1
DA:24,1
DA:32,1
DA:33,1
DA:41,1
DA:42,1
DA:52,1
DA:53,1
DA:62,2
LF:12
LH:12
BRF:0
BRH:0
end_of_record
TN:
SF:src\components\Header\Dropdown\Dropdown.tsx
FN:14,Dropdown
FN:21,(anonymous_1)
FN:22,(anonymous_2)
FN:28,(anonymous_3)
FN:29,(anonymous_4)
FN:40,(anonymous_5)
FN:49,(anonymous_6)
FN:58,(anonymous_7)
FN:71,(anonymous_8)
FN:80,(anonymous_9)
FNF:10
FNH:2
FNDA:12,Dropdown
FNDA:5,(anonymous_1)
FNDA:0,(anonymous_2)
FNDA:0,(anonymous_3)
FNDA:0,(anonymous_4)
FNDA:0,(anonymous_5)
FNDA:0,(anonymous_6)
FNDA:0,(anonymous_7)
FNDA:0,(anonymous_8)
FNDA:0,(anonymous_9)
DA:15,12
DA:16,7
DA:17,7
DA:18,7
DA:19,7
DA:21,7
DA:22,5
DA:23,0
DA:28,7
DA:29,0
DA:32,7
DA:41,0
DA:42,0
DA:50,0
DA:51,0
DA:59,0
DA:60,0
DA:61,0
DA:72,0
DA:73,0
DA:81,0
DA:82,0
LF:22
LH:9
BRDA:34,0,0,7
BRDA:34,0,1,1
BRDA:36,1,0,1
BRDA:36,1,1,0
BRF:4
BRH:3
end_of_record
TN:
SF:src\components\Layout\Layout.tsx
FN:14,Layout
FNF:1
FNH:1
FNDA:12,Layout
DA:15,12
DA:16,12
LF:2
LH:2
BRF:0
BRH:0
end_of_record
TN:
SF:src\components\Layout\ScrollToTop.tsx
FN:4,ScrollToTop
FN:7,(anonymous_1)
FNF:2
FNH:2
FNDA:12,ScrollToTop
FNDA:10,(anonymous_1)
DA:5,12
DA:7,12
DA:8,10
DA:11,12
LF:4
LH:4
BRF:0
BRH:0
end_of_record
TN:
SF:src\components\Login\Login.tsx
FN:19,LogIn
FN:32,(anonymous_1)
FN:34,(anonymous_2)
FN:46,(anonymous_3)
FN:54,(anonymous_4)
FN:58,(anonymous_5)
FN:93,(anonymous_6)
FN:102,(anonymous_7)
FN:109,(anonymous_8)
FNF:9
FNH:0
FNDA:0,LogIn
FNDA:0,(anonymous_1)
FNDA:0,(anonymous_2)
FNDA:0,(anonymous_3)
FNDA:0,(anonymous_4)
FNDA:0,(anonymous_5)
FNDA:0,(anonymous_6)
FNDA:0,(anonymous_7)
FNDA:0,(anonymous_8)
DA:20,0
DA:21,0
DA:23,0
DA:24,0
DA:25,0
DA:32,0
DA:34,0
DA:35,0
DA:37,0
DA:46,0
DA:47,0
DA:52,0
DA:55,0
DA:59,0
DA:60,0
DA:61,0
DA:62,0
DA:80,0
DA:94,0
DA:103,0
DA:110,0
DA:112,0
LF:22
LH:0
BRDA:37,0,0,0
BRDA:37,0,1,0
BRF:2
BRH:0
end_of_record
TN:
SF:src\components\PostComponents\Post\Post.tsx
FN:16,(anonymous_0)
FNF:1
FNH:1
FNDA:1,(anonymous_0)
DA:16,2
DA:17,1
LF:2
LH:2
BRDA:30,0,0,1
BRDA:30,0,1,0
BRF:2
BRH:1
end_of_record
TN:
SF:src\components\PostComponents\PostCreate\PostCreate.tsx
FN:23,PostCreate
FN:51,(anonymous_1)
FN:61,(anonymous_2)
FN:68,(anonymous_3)
FN:92,(anonymous_4)
FN:95,(anonymous_5)
FN:99,(anonymous_6)
FN:147,(anonymous_7)
FN:169,(anonymous_8)
FN:182,(anonymous_9)
FN:202,(anonymous_10)
FN:217,(anonymous_11)
FN:228,(anonymous_12)
FN:241,(anonymous_13)
FN:254,(anonymous_14)
FN:267,(anonymous_15)
FN:280,(anonymous_16)
FNF:17
FNH:0
FNDA:0,PostCreate
FNDA:0,(anonymous_1)
FNDA:0,(anonymous_2)
FNDA:0,(anonymous_3)
FNDA:0,(anonymous_4)
FNDA:0,(anonymous_5)
FNDA:0,(anonymous_6)
FNDA:0,(anonymous_7)
FNDA:0,(anonymous_8)
FNDA:0,(anonymous_9)
FNDA:0,(anonymous_10)
FNDA:0,(anonymous_11)
FNDA:0,(anonymous_12)
FNDA:0,(anonymous_13)
FNDA:0,(anonymous_14)
FNDA:0,(anonymous_15)
FNDA:0,(anonymous_16)
DA:24,0
DA:25,0
DA:26,0
DA:27,0
DA:28,0
DA:29,0
DA:30,0
DA:31,0
DA:32,0
DA:33,0
DA:35,0
DA:36,0
DA:37,0
DA:39,0
DA:51,0
DA:52,0
DA:53,0
DA:54,0
DA:61,0
DA:62,0
DA:63,0
DA:64,0
DA:65,0
DA:68,0
DA:69,0
DA:71,0
DA:73,0
DA:74,0
DA:76,0
DA:90,0
DA:91,0
DA:92,0
DA:94,0
DA:96,0
DA:97,0
DA:100,0
DA:101,0
DA:114,0
DA:141,0
DA:148,0
DA:149,0
DA:170,0
DA:183,0
DA:202,0
DA:217,0
DA:229,0
DA:241,0
DA:254,0
DA:267,0
DA:281,0
LF:50
LH:0
BRDA:53,0,0,0
BRDA:53,0,1,0
BRDA:63,1,0,0
BRDA:63,1,1,0
BRDA:69,2,0,0
BRDA:69,2,1,0
BRDA:71,3,0,0
BRDA:71,3,1,0
BRDA:74,4,0,0
BRDA:74,4,1,0
BRDA:74,5,0,0
BRDA:74,5,1,0
BRDA:74,5,2,0
BRDA:213,6,0,0
BRDA:213,6,1,0
BRF:15
BRH:0
end_of_record
TN:
SF:src\components\PostComponents\PostDetail\PostDetail.tsx
FN:22,(anonymous_0)
FN:29,(anonymous_1)
FN:30,(anonymous_2)
FN:72,(anonymous_3)
FN:87,(anonymous_4)
FN:95,(anonymous_5)
FNF:6
FNH:0
FNDA:0,(anonymous_0)
FNDA:0,(anonymous_1)
FNDA:0,(anonymous_2)
FNDA:0,(anonymous_3)
FNDA:0,(anonymous_4)
FNDA:0,(anonymous_5)
DA:22,1
DA:23,0
DA:24,0
DA:25,0
DA:26,0
DA:27,0
DA:29,0
DA:30,0
DA:32,0
DA:36,0
DA:73,0
DA:88,0
DA:96,0
DA:97,0
LF:14
LH:1
BRDA:47,0,0,0
BRDA:47,0,1,0
BRDA:54,1,0,0
BRDA:54,1,1,0
BRDA:60,2,0,0
BRDA:60,2,1,0
BRDA:83,3,0,0
BRDA:83,3,1,0
BRF:8
BRH:0
end_of_record
TN:
SF:src\components\PostComponents\PostEdit\PostEdit.tsx
FN:28,PostEdit
FN:47,(anonymous_1)
FN:48,(anonymous_2)
FN:54,(anonymous_3)
FN:74,(anonymous_4)
FN:80,(anonymous_5)
FN:88,(anonymous_6)
FN:146,(anonymous_7)
FN:168,(anonymous_8)
FN:181,(anonymous_9)
FN:201,(anonymous_10)
FN:216,(anonymous_11)
FN:227,(anonymous_12)
FN:240,(anonymous_13)
FN:253,(anonymous_14)
FN:266,(anonymous_15)
FN:279,(anonymous_16)
FNF:17
FNH:0
FNDA:0,PostEdit
FNDA:0,(anonymous_1)
FNDA:0,(anonymous_2)
FNDA:0,(anonymous_3)
FNDA:0,(anonymous_4)
FNDA:0,(anonymous_5)
FNDA:0,(anonymous_6)
FNDA:0,(anonymous_7)
FNDA:0,(anonymous_8)
FNDA:0,(anonymous_9)
FNDA:0,(anonymous_10)
FNDA:0,(anonymous_11)
FNDA:0,(anonymous_12)
FNDA:0,(anonymous_13)
FNDA:0,(anonymous_14)
FNDA:0,(anonymous_15)
FNDA:0,(anonymous_16)
DA:29,0
DA:31,0
DA:32,0
DA:33,0
DA:34,0
DA:35,0
DA:36,0
DA:37,0
DA:38,0
DA:39,0
DA:40,0
DA:41,0
DA:43,0
DA:44,0
DA:45,0
DA:47,0
DA:48,0
DA:49,0
DA:50,0
DA:51,0
DA:54,0
DA:55,0
DA:56,0
DA:57,0
DA:58,0
DA:59,0
DA:60,0
DA:61,0
DA:62,0
DA:63,0
DA:64,0
DA:65,0
DA:66,0
DA:68,0
DA:74,0
DA:75,0
DA:76,0
DA:80,0
DA:81,0
DA:82,0
DA:83,0
DA:88,0
DA:91,0
DA:92,0
DA:93,0
DA:105,0
DA:113,0
DA:140,0
DA:147,0
DA:148,0
DA:169,0
DA:182,0
DA:201,0
DA:216,0
DA:228,0
DA:240,0
DA:253,0
DA:266,0
DA:280,0
LF:59
LH:0
BRDA:50,0,0,0
BRDA:50,0,1,0
BRDA:56,1,0,0
BRDA:56,1,1,0
BRDA:62,2,0,0
BRDA:62,2,1,0
BRDA:63,3,0,0
BRDA:63,3,1,0
BRDA:64,4,0,0
BRDA:64,4,1,0
BRDA:75,5,0,0
BRDA:75,5,1,0
BRDA:99,6,0,0
BRDA:99,6,1,0
BRDA:100,7,0,0
BRDA:100,7,1,0
BRDA:101,8,0,0
BRDA:101,8,1,0
BRDA:212,9,0,0
BRDA:212,9,1,0
BRF:20
BRH:0
end_of_record
TN:
SF:src\components\PostComponents\PostHeader\PostHeader.tsx
FN:20,(anonymous_0)
FN:54,(anonymous_1)
FN:95,(anonymous_2)
FNF:3
FNH:0
FNDA:0,(anonymous_0)
FNDA:0,(anonymous_1)
FNDA:0,(anonymous_2)
DA:20,1
DA:21,0
DA:22,0
DA:24,0
DA:26,0
DA:55,0
DA:96,0
LF:7
LH:1
BRDA:34,0,0,0
BRDA:34,0,1,0
BRDA:41,1,0,0
BRDA:41,1,1,0
BRDA:58,2,0,0
BRDA:58,2,1,0
BRDA:88,3,0,0
BRDA:88,3,1,0
BRF:8
BRH:0
end_of_record
TN:
SF:src\components\PostComponents\PostList\PostList.tsx
FN:16,PostList
FN:22,(anonymous_1)
FN:57,(anonymous_2)
FN:68,(anonymous_3)
FN:78,(anonymous_4)
FNF:5
FNH:5
FNDA:5,PostList
FNDA:5,(anonymous_1)
FNDA:4,(anonymous_2)
FNDA:1,(anonymous_3)
FNDA:1,(anonymous_4)
DA:17,5
DA:19,5
DA:20,5
DA:22,5
DA:24,5
DA:27,5
DA:58,4
DA:69,1
DA:78,1
LF:9
LH:9
BRF:0
BRH:0
end_of_record
TN:
SF:src\components\ReviewComponents\Review\Review.tsx
FN:11,(anonymous_0)
FNF:1
FNH:1
FNDA:1,(anonymous_0)
DA:11,2
DA:12,1
LF:2
LH:2
BRF:0
BRH:0
end_of_record
TN:
SF:src\components\ReviewComponents\ReviewCreate\ReviewCreate.tsx
FN:19,ReviewCreate
FN:31,(anonymous_1)
FN:36,(anonymous_2)
FN:52,(anonymous_3)
FN:54,(anonymous_4)
FN:57,(anonymous_5)
FN:73,(anonymous_6)
FN:97,(anonymous_7)
FN:111,(anonymous_8)
FN:140,(anonymous_9)
FNF:10
FNH:0
FNDA:0,ReviewCreate
FNDA:0,(anonymous_1)
FNDA:0,(anonymous_2)
FNDA:0,(anonymous_3)
FNDA:0,(anonymous_4)
FNDA:0,(anonymous_5)
FNDA:0,(anonymous_6)
FNDA:0,(anonymous_7)
FNDA:0,(anonymous_8)
FNDA:0,(anonymous_9)
DA:20,0
DA:21,0
DA:22,0
DA:24,0
DA:25,0
DA:26,0
DA:31,0
DA:32,0
DA:33,0
DA:36,0
DA:37,0
DA:38,0
DA:39,0
DA:40,0
DA:42,0
DA:43,0
DA:44,0
DA:46,0
DA:47,0
DA:49,0
DA:50,0
DA:51,0
DA:52,0
DA:53,0
DA:55,0
DA:58,0
DA:59,0
DA:67,0
DA:74,0
DA:75,0
DA:98,0
DA:112,0
DA:141,0
LF:33
LH:0
BRDA:33,0,0,0
BRDA:33,0,1,0
BRDA:38,1,0,0
BRDA:38,1,1,0
BRDA:46,2,0,0
BRDA:46,2,1,0
BRDA:47,3,0,0
BRDA:47,3,1,0
BRDA:153,4,0,0
BRDA:153,4,1,0
BRF:10
BRH:0
end_of_record
TN:
SF:src\components\ReviewComponents\ReviewDetail\ReviewDetail.tsx
FN:11,(anonymous_0)
FN:16,(anonymous_1)
FNF:2
FNH:1
FNDA:2,(anonymous_0)
FNDA:0,(anonymous_1)
DA:11,3
DA:12,2
DA:17,0
LF:3
LH:2
BRF:0
BRH:0
end_of_record
TN:
SF:src\components\ReviewComponents\ReviewList\ReviewList.tsx
FN:19,ReviewList
FN:25,(anonymous_1)
FN:30,(anonymous_2)
FN:34,(anonymous_3)
FN:44,(anonymous_4)
FN:46,(anonymous_5)
FN:67,(anonymous_6)
FNF:7
FNH:7
FNDA:6,ReviewList
FNDA:4,(anonymous_1)
FNDA:1,(anonymous_2)
FNDA:1,(anonymous_3)
FNDA:6,(anonymous_4)
FNDA:1,(anonymous_5)
FNDA:1,(anonymous_6)
DA:20,6
DA:22,6
DA:23,6
DA:25,6
DA:26,4
DA:29,6
DA:30,6
DA:31,1
DA:33,6
DA:34,6
DA:35,1
DA:36,1
DA:39,6
DA:45,6
DA:46,1
DA:67,1
LF:16
LH:16
BRDA:56,0,0,6
BRDA:56,0,1,1
BRF:2
BRH:2
end_of_record
TN:
SF:src\components\ReviewComponents\ReviewModal\ReviewModal.tsx
FN:9,Modal
FN:13,(anonymous_1)
FN:19,(anonymous_2)
FN:26,closeModal
FN:32,(anonymous_4)
FNF:5
FNH:5
FNDA:1,Modal
FNDA:1,(anonymous_1)
FNDA:1,(anonymous_2)
FNDA:1,closeModal
FNDA:1,(anonymous_4)
DA:13,1
DA:14,1
DA:19,1
DA:20,1
DA:21,1
DA:22,1
DA:27,1
DA:30,1
DA:32,1
LF:9
LH:9
BRDA:22,0,0,1
BRDA:22,0,1,0
BRF:2
BRH:1
end_of_record
TN:
SF:src\store\index.ts
FNF:0
FNH:0
DA:7,1
DA:8,1
DA:9,1
DA:11,1
LF:4
LH:4
BRF:0
BRH:0
end_of_record
TN:
SF:src\store\slices\post.ts
FN:48,(anonymous_0)
FN:57,(anonymous_1)
FN:65,(anonymous_2)
FN:74,(anonymous_3)
FN:82,(anonymous_4)
FN:183,(anonymous_5)
FN:185,(anonymous_6)
FN:189,(anonymous_7)
FN:192,(anonymous_8)
FN:199,(anonymous_9)
FNF:10
FNH:8
FNDA:2,(anonymous_0)
FNDA:2,(anonymous_1)
FNDA:0,(anonymous_2)
FNDA:1,(anonymous_3)
FNDA:1,(anonymous_4)
FNDA:6,(anonymous_5)
FNDA:1,(anonymous_6)
FNDA:2,(anonymous_7)
FNDA:0,(anonymous_8)
FNDA:5,(anonymous_9)
DA:43,6
DA:48,6
DA:49,2
DA:52,1
DA:55,6
DA:58,2
DA:59,2
DA:63,6
DA:66,0
DA:68,0
DA:72,6
DA:75,1
DA:80,6
DA:83,1
DA:99,1
DA:103,6
DA:185,6
DA:187,1
DA:189,6
DA:190,2
DA:192,6
DA:193,0
DA:198,6
DA:199,6
LF:24
LH:21
BRDA:59,0,0,2
BRDA:59,0,1,1
BRF:2
BRH:2
end_of_record
TN:
SF:src\store\slices\review.ts
FN:27,(anonymous_0)
FN:34,(anonymous_1)
FN:42,(anonymous_2)
FN:54,(anonymous_3)
FN:62,(anonymous_4)
FN:82,(anonymous_5)
FN:94,(anonymous_6)
FN:104,(anonymous_7)
FN:105,(anonymous_8)
FN:110,(anonymous_9)
FN:137,(anonymous_10)
FN:138,(anonymous_11)
FN:141,(anonymous_12)
FN:144,(anonymous_13)
FN:151,(anonymous_14)
FNF:15
FNH:11
FNDA:1,(anonymous_0)
FNDA:2,(anonymous_1)
FNDA:0,(anonymous_2)
FNDA:1,(anonymous_3)
FNDA:1,(anonymous_4)
FNDA:1,(anonymous_5)
FNDA:0,(anonymous_6)
FNDA:1,(anonymous_7)
FNDA:1,(anonymous_8)
FNDA:0,(anonymous_9)
FNDA:6,(anonymous_10)
FNDA:1,(anonymous_11)
FNDA:2,(anonymous_12)
FNDA:0,(anonymous_13)
FNDA:4,(anonymous_14)
DA:22,6
DA:27,6
DA:28,1
DA:29,1
DA:32,6
DA:35,2
DA:36,2
DA:40,6
DA:46,0
DA:47,0
DA:48,0
DA:52,6
DA:55,1
DA:56,1
DA:60,6
DA:63,1
DA:64,1
DA:74,1
DA:78,6
DA:93,1
DA:94,0
DA:96,1
DA:97,0
DA:98,0
DA:99,0
DA:100,0
DA:101,0
DA:105,1
DA:106,1
DA:108,1
DA:123,0
DA:134,0
DA:138,6
DA:139,1
DA:141,6
DA:142,2
DA:144,6
DA:145,0
DA:150,6
DA:151,6
LF:40
LH:28
BRDA:36,0,0,2
BRDA:36,0,1,1
BRDA:96,1,0,0
BRDA:96,1,1,1
BRF:4
BRH:3
end_of_record
TN:
SF:src\store\slices\user.ts
FN:30,(anonymous_0)
FN:37,(anonymous_1)
FN:44,(anonymous_2)
FN:69,(anonymous_3)
FN:94,(anonymous_4)
FN:108,(anonymous_5)
FN:110,(anonymous_6)
FN:118,(anonymous_7)
FN:124,(anonymous_8)
FN:131,(anonymous_9)
FN:135,(anonymous_10)
FN:137,(anonymous_11)
FN:141,(anonymous_12)
FN:148,(anonymous_13)
FNF:14
FNH:11
FNDA:6,(anonymous_0)
FNDA:1,(anonymous_1)
FNDA:1,(anonymous_2)
FNDA:1,(anonymous_3)
FNDA:1,(anonymous_4)
FNDA:0,(anonymous_5)
FNDA:0,(anonymous_6)
FNDA:1,(anonymous_7)
FNDA:0,(anonymous_8)
FNDA:1,(anonymous_9)
FNDA:6,(anonymous_10)
FNDA:2,(anonymous_11)
FNDA:1,(anonymous_12)
FNDA:15,(anonymous_13)
DA:22,7
DA:28,7
DA:31,6
DA:32,1
DA:33,1
DA:37,7
DA:38,1
DA:39,1
DA:42,7
DA:45,1
DA:46,1
DA:67,7
DA:70,1
DA:71,1
DA:82,0
DA:83,0
DA:92,7
DA:98,1
DA:99,1
DA:100,1
DA:104,7
DA:109,0
DA:110,0
DA:112,0
DA:113,0
DA:114,0
DA:115,0
DA:119,1
DA:123,0
DA:124,0
DA:126,0
DA:127,0
DA:128,0
DA:132,1
DA:137,6
DA:139,2
DA:141,6
DA:142,1
DA:147,7
DA:148,15
LF:40
LH:27
BRDA:112,0,0,0
BRDA:112,0,1,0
BRDA:119,1,0,0
BRDA:119,1,1,1
BRDA:120,2,0,1
BRDA:120,2,1,0
BRDA:126,3,0,0
BRDA:126,3,1,0
BRF:8
BRH:2
end_of_record
